"../../../Engine/Content/BasicShapes/BasicShapeMaterial.uasset" 0
"C:/Users/amnot/OneDrive/Documents/Unreal Projects/GGJ2020Baby/Content/Art/Materials/M_Destroyed.uasset" 1
"C:/Users/amnot/OneDrive/Documents/Unreal Projects/GGJ2020Baby/Content/Art/Materials/M_Fixed.uasset" 2
"../../../Engine/Content/Functions/Engine_MaterialFunctions01/Opacity/CameraDepthFade.uasset" 3
"../../../Engine/Content/EngineMaterials/T_Default_Material_Grid_M.uasset" 4
"../../../Engine/Content/EngineMaterials/T_Default_Material_Grid_N.uasset" 5
"../../../Engine/Content/EngineMaterials/WorldGridMaterial.uasset" 6
"../../../Engine/Content/BasicShapes/Cube.uasset" 7
"C:/Users/amnot/OneDrive/Documents/Unreal Projects/GGJ2020Baby/Content/Blueprints/Objects/BP_Object.uasset" 8
"C:/Users/amnot/OneDrive/Documents/Unreal Projects/GGJ2020Baby/Content/GM_enterGameName.uasset" 9
"C:/Users/amnot/OneDrive/Documents/Unreal Projects/GGJ2020Baby/Content/Art/Materials/M_BackroundScore.uasset" 10
"C:/Users/amnot/OneDrive/Documents/Unreal Projects/GGJ2020Baby/Content/Art/Textures/FlexTapeBackground1.uasset" 11
"C:/Users/amnot/OneDrive/Documents/Unreal Projects/GGJ2020Baby/Content/Art/Materials/M_FlextapeBackGround.uasset" 12
"C:/Users/amnot/OneDrive/Documents/Unreal Projects/GGJ2020Baby/Content/Art/Materials/M_Wood.uasset" 13
"C:/Users/amnot/OneDrive/Documents/Unreal Projects/GGJ2020Baby/Content/Art/Materials/Instructions/GGJ2020Controller.uasset" 14
"C:/Users/amnot/OneDrive/Documents/Unreal Projects/GGJ2020Baby/Content/Art/Materials/Instructions/GGJ2020Controller_Mat.uasset" 15
"C:/Users/amnot/OneDrive/Documents/Unreal Projects/GGJ2020Baby/Content/Art/Models/chairCushion.uasset" 16
"C:/Users/amnot/OneDrive/Documents/Unreal Projects/GGJ2020Baby/Content/Art/Models/M_Chair.uasset" 17
"C:/Users/amnot/OneDrive/Documents/Unreal Projects/GGJ2020Baby/Content/Art/Materials/ModelMaterials/wood.uasset" 18
"C:/Users/amnot/OneDrive/Documents/Unreal Projects/GGJ2020Baby/Content/Art/Models/Desk/desk_desk.uasset" 19
"C:/Users/amnot/OneDrive/Documents/Unreal Projects/GGJ2020Baby/Content/Art/Models/Desk/desk_drawer.uasset" 20
"C:/Users/amnot/OneDrive/Documents/Unreal Projects/GGJ2020Baby/Content/Art/Materials/ModelMaterials/metal.uasset" 21
"C:/Users/amnot/OneDrive/Documents/Unreal Projects/GGJ2020Baby/Content/Art/Models/Desk/metal.uasset" 22
"C:/Users/amnot/OneDrive/Documents/Unreal Projects/GGJ2020Baby/Content/Art/Models/Desk/wood.uasset" 23
"C:/Users/amnot/OneDrive/Documents/Unreal Projects/GGJ2020Baby/Content/Art/Materials/ModelMaterials/metalLight.uasset" 24
"C:/Users/amnot/OneDrive/Documents/Unreal Projects/GGJ2020Baby/Content/Art/Models/Fridge/kitchenFridge_doorFreezer.uasset" 25
"C:/Users/amnot/OneDrive/Documents/Unreal Projects/GGJ2020Baby/Content/Art/Materials/ModelMaterials/glass.uasset" 26
"C:/Users/amnot/OneDrive/Documents/Unreal Projects/GGJ2020Baby/Content/Art/Models/Fridge/kitchenFridge_doorFridge.uasset" 27
"C:/Users/amnot/OneDrive/Documents/Unreal Projects/GGJ2020Baby/Content/Art/Materials/ModelMaterials/metalDark.uasset" 28
"C:/Users/amnot/OneDrive/Documents/Unreal Projects/GGJ2020Baby/Content/Art/Models/Fridge/kitchenFridge_kitchenFridge.uasset" 29
"C:/Users/amnot/OneDrive/Documents/Unreal Projects/GGJ2020Baby/Content/Art/Materials/ModelMaterials/carpetWhite.uasset" 30
"C:/Users/amnot/OneDrive/Documents/Unreal Projects/GGJ2020Baby/Content/Art/Models/SingleBed/bedSingle_bedSingle.uasset" 31
"C:/Users/amnot/OneDrive/Documents/Unreal Projects/GGJ2020Baby/Content/Art/Materials/ModelMaterials/carpet.uasset" 32
"C:/Users/amnot/OneDrive/Documents/Unreal Projects/GGJ2020Baby/Content/Art/Models/SingleBed/bedSingle_cover.uasset" 33
"C:/Users/amnot/OneDrive/Documents/Unreal Projects/GGJ2020Baby/Content/Art/Models/SingleBed/bedSingle_pillow.uasset" 34
"../../../Engine/Content/EngineMeshes/Humanoid.uasset" 35
"C:/Users/amnot/OneDrive/Documents/Unreal Projects/GGJ2020Baby/Content/Blueprints/Player/Mannequin/Husbandie/SK_HusbandChar_Skeleton.uasset" 36
"C:/Users/amnot/OneDrive/Documents/Unreal Projects/GGJ2020Baby/Content/ThirdPerson_Jump.uasset" 37
"C:/Users/amnot/OneDrive/Documents/Unreal Projects/GGJ2020Baby/Content/ThirdPersonJump_Loop.uasset" 38
"C:/Users/amnot/OneDrive/Documents/Unreal Projects/GGJ2020Baby/Content/ThirdPersonJump_Start.uasset" 39
"C:/Users/amnot/OneDrive/Documents/Unreal Projects/GGJ2020Baby/Content/ThirdPersonIdle.uasset" 40
"C:/Users/amnot/OneDrive/Documents/Unreal Projects/GGJ2020Baby/Content/ThirdPersonRun.uasset" 41
"C:/Users/amnot/OneDrive/Documents/Unreal Projects/GGJ2020Baby/Content/ThirdPersonWalk.uasset" 42
"C:/Users/amnot/OneDrive/Documents/Unreal Projects/GGJ2020Baby/Content/ThirdPerson_IdleRun_2D.uasset" 43
"../../../Engine/Content/EditorBlueprintResources/StandardMacros.uasset" 44
"C:/Users/amnot/OneDrive/Documents/Unreal Projects/GGJ2020Baby/Content/ABP_Hubbie.uasset" 45
"C:/Users/amnot/OneDrive/Documents/Unreal Projects/GGJ2020Baby/Content/Blueprints/Player/TopDownBP/TopDownController.uasset" 46
"C:/Users/amnot/OneDrive/Documents/Unreal Projects/GGJ2020Baby/Content/Art/Images/shelf.uasset" 47
"C:/Users/amnot/OneDrive/Documents/Unreal Projects/GGJ2020Baby/Content/Art/Images/shelf_Mat.uasset" 48
"C:/Users/amnot/OneDrive/Documents/Unreal Projects/GGJ2020Baby/Content/Art/Images/sofa.uasset" 49
"C:/Users/amnot/OneDrive/Documents/Unreal Projects/GGJ2020Baby/Content/Art/Images/sofa_Mat.uasset" 50
"C:/Users/amnot/OneDrive/Documents/Unreal Projects/GGJ2020Baby/Content/Art/Images/table.uasset" 51
"C:/Users/amnot/OneDrive/Documents/Unreal Projects/GGJ2020Baby/Content/Art/Images/table_Mat.uasset" 52
"C:/Users/amnot/OneDrive/Documents/Unreal Projects/GGJ2020Baby/Content/Art/Images/wooden-chair.uasset" 53
"C:/Users/amnot/OneDrive/Documents/Unreal Projects/GGJ2020Baby/Content/Art/Images/wooden-chair_Mat.uasset" 54
"C:/Users/amnot/OneDrive/Documents/Unreal Projects/GGJ2020Baby/Content/Art/Textures/T_ItemList.uasset" 55
"C:/Users/amnot/OneDrive/Documents/Unreal Projects/GGJ2020Baby/Content/UI_UX/Menus/WBP_IndividualList.uasset" 56
"C:/Users/amnot/OneDrive/Documents/Unreal Projects/GGJ2020Baby/Content/Art/Textures/Xbox_button_A_svg.uasset" 57
"C:/Users/amnot/OneDrive/Documents/Unreal Projects/GGJ2020Baby/Content/UI_UX/Menus/WBP_JoinGame.uasset" 58
"C:/Users/amnot/OneDrive/Documents/Unreal Projects/GGJ2020Baby/Content/UI_UX/Menus/WBP_Lists.uasset" 59
"C:/Users/amnot/OneDrive/Documents/Unreal Projects/GGJ2020Baby/Content/UI_UX/Menus/WBP_MainMenu.uasset" 60
"C:/Users/amnot/OneDrive/Documents/Unreal Projects/GGJ2020Baby/Content/UI_UX/Menus/WBP_Multiplayer.uasset" 61
"C:/Users/amnot/OneDrive/Documents/Unreal Projects/GGJ2020Baby/Content/Art/Materials/M_OpenCloset.uasset" 62
"C:/Users/amnot/OneDrive/Documents/Unreal Projects/GGJ2020Baby/Content/StarterContent/Textures/T_MacroVariation.uasset" 63
"C:/Users/amnot/OneDrive/Documents/Unreal Projects/GGJ2020Baby/Content/StarterContent/Materials/M_Metal_Chrome.uasset" 64
"C:/Users/amnot/OneDrive/Documents/Unreal Projects/GGJ2020Baby/Content/Art/Models/bookcaseOpen.uasset" 65
"C:/Users/amnot/OneDrive/Documents/Unreal Projects/GGJ2020Baby/Content/Blueprints/Objects/BP_Bookshelves.uasset" 66
"C:/Users/amnot/OneDrive/Documents/Unreal Projects/GGJ2020Baby/Content/StarterContent/Textures/T_Perlin_Noise_M.uasset" 67
"C:/Users/amnot/OneDrive/Documents/Unreal Projects/GGJ2020Baby/Content/StarterContent/Textures/T_Wood_Floor_Walnut_D.uasset" 68
"C:/Users/amnot/OneDrive/Documents/Unreal Projects/GGJ2020Baby/Content/StarterContent/Textures/T_Wood_Floor_Walnut_M.uasset" 69
"C:/Users/amnot/OneDrive/Documents/Unreal Projects/GGJ2020Baby/Content/StarterContent/Textures/T_Wood_Floor_Walnut_N.uasset" 70
"C:/Users/amnot/OneDrive/Documents/Unreal Projects/GGJ2020Baby/Content/StarterContent/Materials/M_Wood_Floor_Walnut_Polished.uasset" 71
"C:/Users/amnot/OneDrive/Documents/Unreal Projects/GGJ2020Baby/Content/Art/Models/SM_Chair.uasset" 72
"C:/Users/amnot/OneDrive/Documents/Unreal Projects/GGJ2020Baby/Content/Blueprints/Objects/BP_Chair.uasset" 73
"C:/Users/amnot/OneDrive/Documents/Unreal Projects/GGJ2020Baby/Content/Art/Materials/M_CoffeeTable.uasset" 74
"C:/Users/amnot/OneDrive/Documents/Unreal Projects/GGJ2020Baby/Content/StarterContent/Textures/T_Metal_Copper_D.uasset" 75
"C:/Users/amnot/OneDrive/Documents/Unreal Projects/GGJ2020Baby/Content/StarterContent/Textures/T_Metal_Gold_N.uasset" 76
"C:/Users/amnot/OneDrive/Documents/Unreal Projects/GGJ2020Baby/Content/StarterContent/Materials/M_Metal_Copper.uasset" 77
"C:/Users/amnot/OneDrive/Documents/Unreal Projects/GGJ2020Baby/Content/Art/Models/tableCoffee.uasset" 78
"C:/Users/amnot/OneDrive/Documents/Unreal Projects/GGJ2020Baby/Content/Blueprints/Objects/BP_CoffeeTable.uasset" 79
"C:/Users/amnot/OneDrive/Documents/Unreal Projects/GGJ2020Baby/Content/Art/Materials/M_Pink.uasset" 80
"C:/Users/amnot/OneDrive/Documents/Unreal Projects/GGJ2020Baby/Content/Art/Models/loungeChair.uasset" 81
"C:/Users/amnot/OneDrive/Documents/Unreal Projects/GGJ2020Baby/Content/Blueprints/Objects/BP_SofaChair.uasset" 82
"C:/Users/amnot/OneDrive/Documents/Unreal Projects/GGJ2020Baby/Content/Blueprints/ItemSystem/BP_Room1.uasset" 83
"C:/Users/amnot/OneDrive/Documents/Unreal Projects/GGJ2020Baby/Content/Blueprints/ItemSystem/BP_Room2.uasset" 84
"C:/Users/amnot/OneDrive/Documents/Unreal Projects/GGJ2020Baby/Content/Blueprints/ItemSystem/BP_Room3.uasset" 85
"C:/Users/amnot/OneDrive/Documents/Unreal Projects/GGJ2020Baby/Content/Blueprints/ItemSystem/BP_Room4.uasset" 86
"C:/Users/amnot/OneDrive/Documents/Unreal Projects/GGJ2020Baby/Content/Blueprints/ItemSystem/BP_Room5.uasset" 87
"C:/Users/amnot/OneDrive/Documents/Unreal Projects/GGJ2020Baby/Content/Blueprints/ItemSystem/ItemGeneration.uasset" 88
"C:/Users/amnot/OneDrive/Documents/Unreal Projects/GGJ2020Baby/Content/Blueprints/ItemSystem/BP_ItemRecognisionShit.uasset" 89
"C:/Users/amnot/OneDrive/Documents/Unreal Projects/GGJ2020Baby/Content/futur.uasset" 90
"C:/Users/amnot/OneDrive/Documents/Unreal Projects/GGJ2020Baby/Content/FuturFont.uasset" 91
"C:/Users/amnot/OneDrive/Documents/Unreal Projects/GGJ2020Baby/Content/UI_UX/Menus/WBP_ScoringScreen.uasset" 92
"C:/Users/amnot/OneDrive/Documents/Unreal Projects/GGJ2020Baby/Content/UI_UX/Menus/WBP_Timer.uasset" 93
"C:/Users/amnot/OneDrive/Documents/Unreal Projects/GGJ2020Baby/Content/UI_UX/BP_HUD.uasset" 94
"C:/Users/amnot/OneDrive/Documents/Unreal Projects/GGJ2020Baby/Content/Blueprints/BPFL_FunctionShortcuts.uasset" 95
"C:/Users/amnot/OneDrive/Documents/Unreal Projects/GGJ2020Baby/Content/Blueprints/Player/TopDownBP/TopDownGameMode.uasset" 96
"C:/Users/amnot/OneDrive/Documents/Unreal Projects/GGJ2020Baby/Content/StarterContent/Particles/Materials/M_Blue.uasset" 97
"C:/Users/amnot/OneDrive/Documents/Unreal Projects/GGJ2020Baby/Content/Blueprints/LevelMechanics/BP_Door.uasset" 98
"C:/Users/amnot/OneDrive/Documents/Unreal Projects/GGJ2020Baby/Content/Blueprints/Player/TopDownBP/BP_GrabHandler.uasset" 99
"../../../Engine/Content/Functions/Engine_MaterialFunctions01/Density/ExponentialDensity.uasset" 100
"../../../Engine/Content/Functions/Engine_MaterialFunctions01/Gradient/RadialGradientExponential.uasset" 101
"C:/Users/amnot/OneDrive/Documents/Unreal Projects/GGJ2020Baby/Content/Blueprints/Player/TopDownBP/M_Cursor_Decal.uasset" 102
"C:/Users/amnot/OneDrive/Documents/Unreal Projects/GGJ2020Baby/Content/PlayerColour.uasset" 103
"C:/Users/amnot/OneDrive/Documents/Unreal Projects/GGJ2020Baby/Content/Blueprints/Player/Mannequin/Husbandie/lambert1.uasset" 104
"C:/Users/amnot/OneDrive/Documents/Unreal Projects/GGJ2020Baby/Content/Blueprints/Player/Mannequin/Husbandie/SK_HusbandChar_PhysicsAsset.uasset" 105
"C:/Users/amnot/OneDrive/Documents/Unreal Projects/GGJ2020Baby/Content/Blueprints/Player/Mannequin/Husbandie/SK_HusbandChar.uasset" 106
"C:/Users/amnot/OneDrive/Documents/Unreal Projects/GGJ2020Baby/Content/Blueprints/Player/TopDownBP/TopDownCharacter.uasset" 107
"C:/Users/amnot/OneDrive/Documents/Unreal Projects/GGJ2020Baby/Content/Blueprints/MainGameInstance.uasset" 108
"C:/Users/amnot/OneDrive/Documents/Unreal Projects/GGJ2020Baby/Content/Blueprints/GameInstance.uasset" 109
"C:/Users/amnot/OneDrive/Documents/Unreal Projects/GGJ2020Baby/Content/Art/Materials/M_TrueBlue.uasset" 110
"C:/Users/amnot/OneDrive/Documents/Unreal Projects/GGJ2020Baby/Content/Art/Materials/M_Blue.uasset" 111
"C:/Users/amnot/OneDrive/Documents/Unreal Projects/GGJ2020Baby/Content/Blueprints/Objects/BP_BB.uasset" 112
"C:/Users/amnot/OneDrive/Documents/Unreal Projects/GGJ2020Baby/Content/Art/Materials/M_Black.uasset" 113
"C:/Users/amnot/OneDrive/Documents/Unreal Projects/GGJ2020Baby/Content/Blueprints/Objects/BP_BlackBox.uasset" 114
"C:/Users/amnot/OneDrive/Documents/Unreal Projects/GGJ2020Baby/Content/Art/Materials/M_Green.uasset" 115
"C:/Users/amnot/OneDrive/Documents/Unreal Projects/GGJ2020Baby/Content/Blueprints/Objects/BP_GreenBox.uasset" 116
"C:/Users/amnot/OneDrive/Documents/Unreal Projects/GGJ2020Baby/Content/Blueprints/Objects/BP_PB.uasset" 117
"C:/Users/amnot/OneDrive/Documents/Unreal Projects/GGJ2020Baby/Content/Art/Materials/M_Red.uasset" 118
"C:/Users/amnot/OneDrive/Documents/Unreal Projects/GGJ2020Baby/Content/Blueprints/Objects/BP_RedBox.uasset" 119
"C:/Users/amnot/OneDrive/Documents/Unreal Projects/GGJ2020Baby/Content/Art/Materials/M_White.uasset" 120
"C:/Users/amnot/OneDrive/Documents/Unreal Projects/GGJ2020Baby/Content/Blueprints/Objects/BP_WhiteBox.uasset" 121
"C:/Users/amnot/OneDrive/Documents/Unreal Projects/GGJ2020Baby/Content/Art/Materials/M_Yellow.uasset" 122
"C:/Users/amnot/OneDrive/Documents/Unreal Projects/GGJ2020Baby/Content/Blueprints/Objects/BP_YB.uasset" 123
"C:/Users/amnot/OneDrive/Documents/Unreal Projects/GGJ2020Baby/Content/Blueprints/ItemGeneration.uasset" 124
"C:/Users/amnot/OneDrive/Documents/Unreal Projects/GGJ2020Baby/Content/Blueprints/LevelMechanics/BP_Border.uasset" 125
"C:/Users/amnot/OneDrive/Documents/Unreal Projects/GGJ2020Baby/Content/Blueprints/LevelMechanics/BP_LazyBoy.uasset" 126
"C:/Users/amnot/OneDrive/Documents/Unreal Projects/GGJ2020Baby/Content/Blueprints/Player/TopDownBP/GI_PlayerCounts.uasset" 127
"C:/Users/amnot/OneDrive/Documents/Unreal Projects/GGJ2020Baby/Content/Level/LevelComponents/SM_CornerPiece.uasset" 128
"C:/Users/amnot/OneDrive/Documents/Unreal Projects/GGJ2020Baby/Content/Level/LevelMeshes/Wood_Slice.uasset" 129
"C:/Users/amnot/OneDrive/Documents/Unreal Projects/GGJ2020Baby/Content/Level/LevelMeshes/Bench_Cube_002_1.uasset" 130
"C:/Users/amnot/OneDrive/Documents/Unreal Projects/GGJ2020Baby/Content/Level/LevelMeshes/lambert2_5.uasset" 131
"C:/Users/amnot/OneDrive/Documents/Unreal Projects/GGJ2020Baby/Content/Level/LevelMeshes/lambert2_8.uasset" 132
"C:/Users/amnot/OneDrive/Documents/Unreal Projects/GGJ2020Baby/Content/Level/LevelMeshes/lambert1.uasset" 133
"C:/Users/amnot/OneDrive/Documents/Unreal Projects/GGJ2020Baby/Content/Level/LevelMeshes/rock.uasset" 134
"C:/Users/amnot/OneDrive/Documents/Unreal Projects/GGJ2020Baby/Content/Level/LevelMeshes/tree3.uasset" 135
"C:/Users/amnot/OneDrive/Documents/Unreal Projects/GGJ2020Baby/Content/Blueprints/Player/Mannequin/Character/Mesh/UE4_Mannequin_Skeleton.uasset" 136
"C:/Users/amnot/OneDrive/Documents/Unreal Projects/GGJ2020Baby/Content/Blueprints/Player/Mannequin/Animations/ThirdPersonIdle.uasset" 137
"C:/Users/amnot/OneDrive/Documents/Unreal Projects/GGJ2020Baby/Content/Mannequin/Animations/ThirdPersonIdle.uasset" 138
"C:/Users/amnot/OneDrive/Documents/Unreal Projects/GGJ2020Baby/Content/Blueprints/Player/Mannequin/Animations/ThirdPersonJump_End.uasset" 139
"C:/Users/amnot/OneDrive/Documents/Unreal Projects/GGJ2020Baby/Content/Mannequin/Animations/ThirdPersonJump_End.uasset" 140
"C:/Users/amnot/OneDrive/Documents/Unreal Projects/GGJ2020Baby/Content/Blueprints/Player/Mannequin/Animations/ThirdPersonJump_Loop.uasset" 141
"C:/Users/amnot/OneDrive/Documents/Unreal Projects/GGJ2020Baby/Content/Mannequin/Animations/ThirdPersonJump_Loop.uasset" 142
"C:/Users/amnot/OneDrive/Documents/Unreal Projects/GGJ2020Baby/Content/Blueprints/Player/Mannequin/Animations/ThirdPersonJump_Start.uasset" 143
"C:/Users/amnot/OneDrive/Documents/Unreal Projects/GGJ2020Baby/Content/Mannequin/Animations/ThirdPersonJump_Start.uasset" 144
"C:/Users/amnot/OneDrive/Documents/Unreal Projects/GGJ2020Baby/Content/Blueprints/Player/Mannequin/Animations/ThirdPersonRun.uasset" 145
"C:/Users/amnot/OneDrive/Documents/Unreal Projects/GGJ2020Baby/Content/Mannequin/Animations/ThirdPersonRun.uasset" 146
"C:/Users/amnot/OneDrive/Documents/Unreal Projects/GGJ2020Baby/Content/Blueprints/Player/Mannequin/Animations/ThirdPersonWalk.uasset" 147
"C:/Users/amnot/OneDrive/Documents/Unreal Projects/GGJ2020Baby/Content/Mannequin/Animations/ThirdPersonWalk.uasset" 148
"C:/Users/amnot/OneDrive/Documents/Unreal Projects/GGJ2020Baby/Content/Blueprints/Player/Mannequin/Animations/ThirdPerson_Jump.uasset" 149
"C:/Users/amnot/OneDrive/Documents/Unreal Projects/GGJ2020Baby/Content/Blueprints/Player/Mannequin/Animations/ThirdPerson_IdleRun_2D.uasset" 150
"C:/Users/amnot/OneDrive/Documents/Unreal Projects/GGJ2020Baby/Content/Blueprints/Player/Mannequin/Animations/ThirdPerson_AnimBP.uasset" 151
"C:/Users/amnot/OneDrive/Documents/Unreal Projects/GGJ2020Baby/Content/Mannequin/Animations/ThirdPerson_AnimBP.uasset" 152
"C:/Users/amnot/OneDrive/Documents/Unreal Projects/GGJ2020Baby/Content/Mannequin/Animations/ThirdPerson_IdleRun_2D.uasset" 153
"C:/Users/amnot/OneDrive/Documents/Unreal Projects/GGJ2020Baby/Content/Mannequin/Animations/ThirdPerson_Jump.uasset" 154
"../../../Engine/Content/Functions/Engine_MaterialFunctions02/Utility/BlendAngleCorrectedNormals.uasset" 155
"../../../Engine/Content/Functions/MaterialLayerFunctions/MatLayerBlend_NormalBlend.uasset" 156
"../../../Engine/Content/Functions/MaterialLayerFunctions/MatLayerBlend_Simple.uasset" 157
"C:/Users/amnot/OneDrive/Documents/Unreal Projects/GGJ2020Baby/Content/Blueprints/Player/Mannequin/Character/Materials/MaterialLayers/T_ML_Rubber_Blue_01_D.uasset" 158
"C:/Users/amnot/OneDrive/Documents/Unreal Projects/GGJ2020Baby/Content/Blueprints/Player/Mannequin/Character/Materials/MaterialLayers/T_ML_Rubber_Blue_01_N.uasset" 159
"C:/Users/amnot/OneDrive/Documents/Unreal Projects/GGJ2020Baby/Content/Blueprints/Player/Mannequin/Character/Materials/MaterialLayers/ML_GlossyBlack_Latex_UE4.uasset" 160
"C:/Users/amnot/OneDrive/Documents/Unreal Projects/GGJ2020Baby/Content/Blueprints/Player/Mannequin/Character/Materials/MaterialLayers/ML_Plastic_Shiny_Beige.uasset" 161
"C:/Users/amnot/OneDrive/Documents/Unreal Projects/GGJ2020Baby/Content/Blueprints/Player/Mannequin/Character/Textures/UE4_LOGO_CARD.uasset" 162
"C:/Users/amnot/OneDrive/Documents/Unreal Projects/GGJ2020Baby/Content/Blueprints/Player/Mannequin/Character/Materials/MaterialLayers/ML_Plastic_Shiny_Beige_LOGO.uasset" 163
"C:/Users/amnot/OneDrive/Documents/Unreal Projects/GGJ2020Baby/Content/Blueprints/Player/Mannequin/Character/Materials/MaterialLayers/T_ML_Aluminum01.uasset" 164
"C:/Users/amnot/OneDrive/Documents/Unreal Projects/GGJ2020Baby/Content/Blueprints/Player/Mannequin/Character/Materials/MaterialLayers/T_ML_Aluminum01_N.uasset" 165
"C:/Users/amnot/OneDrive/Documents/Unreal Projects/GGJ2020Baby/Content/Blueprints/Player/Mannequin/Character/Materials/MaterialLayers/ML_SoftMetal_UE4.uasset" 166
"C:/Users/amnot/OneDrive/Documents/Unreal Projects/GGJ2020Baby/Content/Blueprints/Player/Mannequin/Character/Textures/UE4_Mannequin__normals.uasset" 167
"C:/Users/amnot/OneDrive/Documents/Unreal Projects/GGJ2020Baby/Content/Blueprints/Player/Mannequin/Character/Textures/UE4_Mannequin_MAT_MASKA.uasset" 168
"C:/Users/amnot/OneDrive/Documents/Unreal Projects/GGJ2020Baby/Content/Blueprints/Player/Mannequin/Character/Materials/M_UE4Man_Body.uasset" 169
"C:/Users/amnot/OneDrive/Documents/Unreal Projects/GGJ2020Baby/Content/Mannequin/Character/Materials/M_UE4Man_Body.uasset" 170
"C:/Users/amnot/OneDrive/Documents/Unreal Projects/GGJ2020Baby/Content/Blueprints/Player/Mannequin/Character/Textures/UE4Man_Logo_N.uasset" 171
"C:/Users/amnot/OneDrive/Documents/Unreal Projects/GGJ2020Baby/Content/Blueprints/Player/Mannequin/Character/Materials/M_UE4Man_ChestLogo.uasset" 172
"C:/Users/amnot/OneDrive/Documents/Unreal Projects/GGJ2020Baby/Content/Mannequin/Character/Materials/M_UE4Man_ChestLogo.uasset" 173
"C:/Users/amnot/OneDrive/Documents/Unreal Projects/GGJ2020Baby/Content/Mannequin/Character/Materials/MaterialLayers/ML_GlossyBlack_Latex_UE4.uasset" 174
"C:/Users/amnot/OneDrive/Documents/Unreal Projects/GGJ2020Baby/Content/Mannequin/Character/Materials/MaterialLayers/ML_Plastic_Shiny_Beige.uasset" 175
"C:/Users/amnot/OneDrive/Documents/Unreal Projects/GGJ2020Baby/Content/Mannequin/Character/Materials/MaterialLayers/ML_Plastic_Shiny_Beige_LOGO.uasset" 176
"C:/Users/amnot/OneDrive/Documents/Unreal Projects/GGJ2020Baby/Content/Mannequin/Character/Materials/MaterialLayers/ML_SoftMetal_UE4.uasset" 177
"C:/Users/amnot/OneDrive/Documents/Unreal Projects/GGJ2020Baby/Content/Mannequin/Character/Materials/MaterialLayers/T_ML_Aluminum01.uasset" 178
"C:/Users/amnot/OneDrive/Documents/Unreal Projects/GGJ2020Baby/Content/Mannequin/Character/Materials/MaterialLayers/T_ML_Aluminum01_N.uasset" 179
"C:/Users/amnot/OneDrive/Documents/Unreal Projects/GGJ2020Baby/Content/Mannequin/Character/Materials/MaterialLayers/T_ML_Rubber_Blue_01_D.uasset" 180
"C:/Users/amnot/OneDrive/Documents/Unreal Projects/GGJ2020Baby/Content/Mannequin/Character/Materials/MaterialLayers/T_ML_Rubber_Blue_01_N.uasset" 181
"C:/Users/amnot/OneDrive/Documents/Unreal Projects/GGJ2020Baby/Content/Blueprints/Player/Mannequin/Character/Mesh/SK_Mannequin_PhysicsAsset.uasset" 182
"C:/Users/amnot/OneDrive/Documents/Unreal Projects/GGJ2020Baby/Content/Blueprints/Player/Mannequin/Character/Mesh/SK_Mannequin.uasset" 183
"C:/Users/amnot/OneDrive/Documents/Unreal Projects/GGJ2020Baby/Content/Mannequin/Character/Mesh/SK_Mannequin.uasset" 184
"C:/Users/amnot/OneDrive/Documents/Unreal Projects/GGJ2020Baby/Content/Mannequin/Character/Mesh/SK_Mannequin_PhysicsAsset.uasset" 185
"C:/Users/amnot/OneDrive/Documents/Unreal Projects/GGJ2020Baby/Content/Mannequin/Character/Mesh/UE4_Mannequin_Skeleton.uasset" 186
"C:/Users/amnot/OneDrive/Documents/Unreal Projects/GGJ2020Baby/Content/Mannequin/Character/Textures/UE4Man_Logo_N.uasset" 187
"C:/Users/amnot/OneDrive/Documents/Unreal Projects/GGJ2020Baby/Content/Mannequin/Character/Textures/UE4_LOGO_CARD.uasset" 188
"C:/Users/amnot/OneDrive/Documents/Unreal Projects/GGJ2020Baby/Content/Mannequin/Character/Textures/UE4_Mannequin_MAT_MASKA.uasset" 189
"C:/Users/amnot/OneDrive/Documents/Unreal Projects/GGJ2020Baby/Content/Mannequin/Character/Textures/UE4_Mannequin__normals.uasset" 190
"C:/Users/amnot/OneDrive/Documents/Unreal Projects/GGJ2020Baby/Content/StarterContent/Materials/M_Basic_Wall.uasset" 191
"C:/Users/amnot/OneDrive/Documents/Unreal Projects/GGJ2020Baby/Content/StarterContent/Architecture/Pillar_50x500.uasset" 192
"C:/Users/amnot/OneDrive/Documents/Unreal Projects/GGJ2020Baby/Content/StarterContent/Architecture/Wall_400x300.uasset" 193
"C:/Users/amnot/OneDrive/Documents/Unreal Projects/GGJ2020Baby/Content/StarterContent/Architecture/Wall_400x400.uasset" 194
"C:/Users/amnot/OneDrive/Documents/Unreal Projects/GGJ2020Baby/Content/StarterContent/Architecture/Wall_500x500.uasset" 195
"C:/Users/amnot/OneDrive/Documents/Unreal Projects/GGJ2020Baby/Content/StarterContent/Architecture/Wall_Door_400x400.uasset" 196
"C:/Users/amnot/OneDrive/Documents/Unreal Projects/GGJ2020Baby/Content/StarterContent/Architecture/Wall_Window_400x400.uasset" 197
"C:/Users/amnot/OneDrive/Documents/Unreal Projects/GGJ2020Baby/Content/StarterContent/Audio/Collapse01.uasset" 198
"C:/Users/amnot/OneDrive/Documents/Unreal Projects/GGJ2020Baby/Content/StarterContent/Audio/Collapse02.uasset" 199
"C:/Users/amnot/OneDrive/Documents/Unreal Projects/GGJ2020Baby/Content/StarterContent/Audio/Explosion01.uasset" 200
"C:/Users/amnot/OneDrive/Documents/Unreal Projects/GGJ2020Baby/Content/StarterContent/Audio/Explosion02.uasset" 201
"C:/Users/amnot/OneDrive/Documents/Unreal Projects/GGJ2020Baby/Content/StarterContent/Audio/Fire01.uasset" 202
"C:/Users/amnot/OneDrive/Documents/Unreal Projects/GGJ2020Baby/Content/StarterContent/Audio/Fire_Sparks01.uasset" 203
"C:/Users/amnot/OneDrive/Documents/Unreal Projects/GGJ2020Baby/Content/StarterContent/Audio/Light01.uasset" 204
"C:/Users/amnot/OneDrive/Documents/Unreal Projects/GGJ2020Baby/Content/StarterContent/Audio/Light01_Cue.uasset" 205
"C:/Users/amnot/OneDrive/Documents/Unreal Projects/GGJ2020Baby/Content/StarterContent/Audio/Light02.uasset" 206
"C:/Users/amnot/OneDrive/Documents/Unreal Projects/GGJ2020Baby/Content/StarterContent/Audio/Light02_Cue.uasset" 207
"C:/Users/amnot/OneDrive/Documents/Unreal Projects/GGJ2020Baby/Content/StarterContent/Audio/Smoke01.uasset" 208
"C:/Users/amnot/OneDrive/Documents/Unreal Projects/GGJ2020Baby/Content/StarterContent/Audio/Starter_Birds01.uasset" 209
"C:/Users/amnot/OneDrive/Documents/Unreal Projects/GGJ2020Baby/Content/StarterContent/Audio/Starter_Music01.uasset" 210
"C:/Users/amnot/OneDrive/Documents/Unreal Projects/GGJ2020Baby/Content/StarterContent/Audio/Starter_Wind05.uasset" 211
"C:/Users/amnot/OneDrive/Documents/Unreal Projects/GGJ2020Baby/Content/StarterContent/Audio/Starter_Wind06.uasset" 212
"C:/Users/amnot/OneDrive/Documents/Unreal Projects/GGJ2020Baby/Content/StarterContent/Audio/Steam01.uasset" 213
"C:/Users/amnot/OneDrive/Documents/Unreal Projects/GGJ2020Baby/Content/StarterContent/Audio/Explosion_Cue.uasset" 214
"C:/Users/amnot/OneDrive/Documents/Unreal Projects/GGJ2020Baby/Content/StarterContent/Textures/T_Burst_M.uasset" 215
"C:/Users/amnot/OneDrive/Documents/Unreal Projects/GGJ2020Baby/Content/StarterContent/Particles/Materials/M_Burst.uasset" 216
"C:/Users/amnot/OneDrive/Documents/Unreal Projects/GGJ2020Baby/Content/StarterContent/Textures/T_Explosion_SubUV.uasset" 217
"C:/Users/amnot/OneDrive/Documents/Unreal Projects/GGJ2020Baby/Content/StarterContent/Particles/Materials/M_explosion_subUV.uasset" 218
"C:/Users/amnot/OneDrive/Documents/Unreal Projects/GGJ2020Baby/Content/StarterContent/Particles/Materials/m_flare_01.uasset" 219
"../../../Engine/Content/Functions/Engine_MaterialFunctions01/Gradient/RadialGradient.uasset" 220
"C:/Users/amnot/OneDrive/Documents/Unreal Projects/GGJ2020Baby/Content/StarterContent/Particles/Materials/M_radial_ramp.uasset" 221
"C:/Users/amnot/OneDrive/Documents/Unreal Projects/GGJ2020Baby/Content/StarterContent/Textures/T_Smoke_SubUV.uasset" 222
"C:/Users/amnot/OneDrive/Documents/Unreal Projects/GGJ2020Baby/Content/StarterContent/Textures/T_Smoke_Tiled_D.uasset" 223
"C:/Users/amnot/OneDrive/Documents/Unreal Projects/GGJ2020Baby/Content/StarterContent/Particles/Materials/M_smoke_subUV.uasset" 224
"C:/Users/amnot/OneDrive/Documents/Unreal Projects/GGJ2020Baby/Content/StarterContent/Particles/P_Explosion.uasset" 225
"C:/Users/amnot/OneDrive/Documents/Unreal Projects/GGJ2020Baby/Content/StarterContent/Blueprints/Blueprint_Effect_Explosion.uasset" 226
"../../../Engine/Content/Tutorial/SubEditors/TutorialAssets/Character/TutorialTPP_Mat.uasset" 227
"../../../Engine/Content/Tutorial/SubEditors/TutorialAssets/Character/TutorialTPP_PhysicsAsset.uasset" 228
"../../../Engine/Content/Tutorial/SubEditors/TutorialAssets/Character/TutorialTPP_Skeleton.uasset" 229
"../../../Engine/Content/Tutorial/SubEditors/TutorialAssets/Character/TutorialTPP.uasset" 230
"C:/Users/amnot/OneDrive/Documents/Unreal Projects/GGJ2020Baby/Content/StarterContent/Blueprints/Character_Blueprint.uasset" 231
"C:/Users/amnot/OneDrive/Documents/Unreal Projects/GGJ2020Baby/Content/StarterContent/Blueprints/Player_Start_Blueprint.uasset" 232
"../../../Engine/Content/EditorMeshes/ColorCalibrator/T_ColorGrid.uasset" 233
"C:/Users/amnot/OneDrive/Documents/Unreal Projects/GGJ2020Baby/Content/StarterContent/Materials/M_ColorGrid_LowSpec.uasset" 234
"C:/Users/amnot/OneDrive/Documents/Unreal Projects/GGJ2020Baby/Content/StarterContent/Textures/T_Bush_D.uasset" 235
"C:/Users/amnot/OneDrive/Documents/Unreal Projects/GGJ2020Baby/Content/StarterContent/Textures/T_Bush_N.uasset" 236
"C:/Users/amnot/OneDrive/Documents/Unreal Projects/GGJ2020Baby/Content/StarterContent/Props/Materials/M_Bush.uasset" 237
"C:/Users/amnot/OneDrive/Documents/Unreal Projects/GGJ2020Baby/Content/StarterContent/Props/SM_Bush.uasset" 238
"C:/Users/amnot/OneDrive/Documents/Unreal Projects/GGJ2020Baby/Content/StarterContent/Textures/T_Chair_M.uasset" 239
"C:/Users/amnot/OneDrive/Documents/Unreal Projects/GGJ2020Baby/Content/StarterContent/Textures/T_Chair_N.uasset" 240
"C:/Users/amnot/OneDrive/Documents/Unreal Projects/GGJ2020Baby/Content/StarterContent/Props/Materials/M_Chair.uasset" 241
"C:/Users/amnot/OneDrive/Documents/Unreal Projects/GGJ2020Baby/Content/StarterContent/Props/SM_Couch.uasset" 242
"C:/Users/amnot/OneDrive/Documents/Unreal Projects/GGJ2020Baby/Content/StarterContent/Materials/M_Glass.uasset" 243
"C:/Users/amnot/OneDrive/Documents/Unreal Projects/GGJ2020Baby/Content/StarterContent/Textures/T_Door_M.uasset" 244
"C:/Users/amnot/OneDrive/Documents/Unreal Projects/GGJ2020Baby/Content/StarterContent/Textures/T_Door_N.uasset" 245
"C:/Users/amnot/OneDrive/Documents/Unreal Projects/GGJ2020Baby/Content/StarterContent/Props/Materials/M_Door.uasset" 246
"C:/Users/amnot/OneDrive/Documents/Unreal Projects/GGJ2020Baby/Content/StarterContent/Props/SM_Door.uasset" 247
"C:/Users/amnot/OneDrive/Documents/Unreal Projects/GGJ2020Baby/Content/StarterContent/Props/Materials/M_MaterialSphere.uasset" 248
"C:/Users/amnot/OneDrive/Documents/Unreal Projects/GGJ2020Baby/Content/StarterContent/Props/Materials/M_MaterialSphere_Plain.uasset" 249
"C:/Users/amnot/OneDrive/Documents/Unreal Projects/GGJ2020Baby/Content/StarterContent/Props/SM_MatPreviewMesh_02.uasset" 250
"C:/Users/amnot/OneDrive/Documents/Unreal Projects/GGJ2020Baby/Content/StarterContent/Textures/T_Detail_Rocky_N.uasset" 251
"C:/Users/amnot/OneDrive/Documents/Unreal Projects/GGJ2020Baby/Content/StarterContent/Textures/T_Rock_Basalt_D.uasset" 252
"C:/Users/amnot/OneDrive/Documents/Unreal Projects/GGJ2020Baby/Content/StarterContent/Textures/T_RockMesh_M.uasset" 253
"C:/Users/amnot/OneDrive/Documents/Unreal Projects/GGJ2020Baby/Content/StarterContent/Textures/T_RockMesh_N.uasset" 254
"C:/Users/amnot/OneDrive/Documents/Unreal Projects/GGJ2020Baby/Content/StarterContent/Props/Materials/M_Rock.uasset" 255
"C:/Users/amnot/OneDrive/Documents/Unreal Projects/GGJ2020Baby/Content/StarterContent/Props/SM_Rock.uasset" 256
"C:/Users/amnot/OneDrive/Documents/Unreal Projects/GGJ2020Baby/Content/StarterContent/Textures/T_Shelf_M.uasset" 257
"C:/Users/amnot/OneDrive/Documents/Unreal Projects/GGJ2020Baby/Content/StarterContent/Textures/T_Shelf_N.uasset" 258
"C:/Users/amnot/OneDrive/Documents/Unreal Projects/GGJ2020Baby/Content/StarterContent/Props/Materials/M_Shelf.uasset" 259
"C:/Users/amnot/OneDrive/Documents/Unreal Projects/GGJ2020Baby/Content/StarterContent/Props/SM_Shelf.uasset" 260
"C:/Users/amnot/OneDrive/Documents/Unreal Projects/GGJ2020Baby/Content/StarterContent/Materials/M_Basic_Floor.uasset" 261
"C:/Users/amnot/OneDrive/Documents/Unreal Projects/GGJ2020Baby/Content/StarterContent/Props/SM_Stairs.uasset" 262
"C:/Users/amnot/OneDrive/Documents/Unreal Projects/GGJ2020Baby/Content/StarterContent/Shapes/Shape_Cone.uasset" 263
"C:/Users/amnot/OneDrive/Documents/Unreal Projects/GGJ2020Baby/Content/StarterContent/Shapes/Shape_Cylinder.uasset" 264
"C:/Users/amnot/OneDrive/Documents/Unreal Projects/GGJ2020Baby/Content/StarterContent/Shapes/Shape_NarrowCapsule.uasset" 265
"C:/Users/amnot/OneDrive/Documents/Unreal Projects/GGJ2020Baby/Content/StarterContent/Shapes/Shape_Pipe.uasset" 266
"C:/Users/amnot/OneDrive/Documents/Unreal Projects/GGJ2020Baby/Content/StarterContent/Shapes/Shape_Pipe_180.uasset" 267
"C:/Users/amnot/OneDrive/Documents/Unreal Projects/GGJ2020Baby/Content/StarterContent/Shapes/Shape_Pipe_90.uasset" 268
"C:/Users/amnot/OneDrive/Documents/Unreal Projects/GGJ2020Baby/Content/StarterContent/Shapes/Shape_Plane.uasset" 269
"C:/Users/amnot/OneDrive/Documents/Unreal Projects/GGJ2020Baby/Content/StarterContent/Shapes/Shape_Torus.uasset" 270
"C:/Users/amnot/OneDrive/Documents/Unreal Projects/GGJ2020Baby/Content/StarterContent/Shapes/Shape_Trim.uasset" 271
"C:/Users/amnot/OneDrive/Documents/Unreal Projects/GGJ2020Baby/Content/StarterContent/Shapes/Shape_Trim_90_In.uasset" 272
"C:/Users/amnot/OneDrive/Documents/Unreal Projects/GGJ2020Baby/Content/StarterContent/Shapes/Shape_Trim_90_Out.uasset" 273
"C:/Users/amnot/OneDrive/Documents/Unreal Projects/GGJ2020Baby/Content/StarterContent/Shapes/Shape_TriPyramid.uasset" 274
"C:/Users/amnot/OneDrive/Documents/Unreal Projects/GGJ2020Baby/Content/StarterContent/Shapes/Shape_Tube.uasset" 275
"C:/Users/amnot/OneDrive/Documents/Unreal Projects/GGJ2020Baby/Content/StarterContent/Shapes/Shape_Wedge_A.uasset" 276
"C:/Users/amnot/OneDrive/Documents/Unreal Projects/GGJ2020Baby/Content/StarterContent/Shapes/Shape_Wedge_B.uasset" 277
"C:/Users/amnot/OneDrive/Documents/Unreal Projects/GGJ2020Baby/Content/StarterContent/Shapes/Shape_WideCapsule.uasset" 278
"C:/Users/amnot/OneDrive/Documents/Unreal Projects/GGJ2020Baby/Content/UI_UX/Menus/WBP_LobbyCountDown.uasset" 279
"C:/Users/amnot/OneDrive/Documents/Unreal Projects/GGJ2020Baby/Content/UI_UX/Menus/WBP_MainUI.uasset" 280
"../../../Engine/Content/Animation/DefaultAnimCurveCompressionSettings.uasset" 281
"../../../Engine/Content/ArtTools/RenderToTexture/Meshes/S_1_Unit_Plane.uasset" 282
"../../../Engine/Content/EngineMaterials/DefaultMaterial.uasset" 283
"../../../Engine/Content/BasicShapes/Cone.uasset" 284
"../../../Engine/Content/BasicShapes/Cylinder.uasset" 285
"../../../Engine/Content/BasicShapes/Plane.uasset" 286
"../../../Engine/Content/BasicShapes/Sphere.uasset" 287
"../../../Engine/Content/EditorLandscapeResources/DataLayer.uasset" 288
"../../../Engine/Content/EditorMaterials/MAT_Groups_Toggle.uasset" 289
"../../../Engine/Content/EditorMaterials/MAT_Groups_Visibility.uasset" 290
"../../../Engine/Content/EditorMaterials/PreviewShadowIndicator.uasset" 291
"../../../Engine/Content/EditorMaterials/PreviewShadowIndicatorMaterial.uasset" 292
"../../../Engine/Content/EditorMaterials/MatineeGroups/MAT_ColorTrack.uasset" 293
"../../../Engine/Content/EditorMaterials/MatineeGroups/MAT_Groups_Anim.uasset" 294
"../../../Engine/Content/EditorMaterials/MatineeGroups/MAT_Groups_AudioMaster.uasset" 295
"../../../Engine/Content/EditorMaterials/MatineeGroups/MAT_Groups_Director.uasset" 296
"../../../Engine/Content/EditorMaterials/MatineeGroups/MAT_Groups_Event.uasset" 297
"../../../Engine/Content/EditorMaterials/MatineeGroups/MAT_Groups_Fade.uasset" 298
"../../../Engine/Content/EditorMaterials/MatineeGroups/MAT_Groups_Float.uasset" 299
"../../../Engine/Content/EditorMaterials/MatineeGroups/MAT_Groups_Move.uasset" 300
"../../../Engine/Content/EditorMaterials/MatineeGroups/MAT_Groups_Slomo.uasset" 301
"../../../Engine/Content/EditorMaterials/MatineeGroups/MAT_Groups_Sound.uasset" 302
"../../../Engine/Content/EditorMaterials/MatineeGroups/MAT_Groups_Vector.uasset" 303
"../../../Engine/Content/EditorMaterials/ParticleSystems/PSysThumbnail_NoImage.uasset" 304
"../../../Engine/Content/EditorMaterials/ParticleSystems/PSysThumbnail_OOD.uasset" 305
"../../../Engine/Content/EditorMaterials/Camera/CineMat.uasset" 306
"../../../Engine/Content/EditorMaterials/Camera/MI_CineMat_Rig.uasset" 307
"../../../Engine/Content/EditorMeshes/Camera/SM_CraneRig_Arm.uasset" 308
"../../../Engine/Content/EditorMeshes/Camera/SM_CraneRig_Base.uasset" 309
"../../../Engine/Content/EditorMeshes/Camera/SM_CraneRig_Body.uasset" 310
"../../../Engine/Content/EditorMeshes/Camera/SM_CraneRig_Mount.uasset" 311
"../../../Engine/Content/EditorMeshes/Camera/SM_RailRig_Mount.uasset" 312
"../../../Engine/Content/EditorMeshes/Camera/SM_RailRig_Track.uasset" 313
"../../../Engine/Content/EditorResources/BSPVertex.uasset" 314
"../../../Engine/Content/EditorResources/EmptyActor.uasset" 315
"../../../Engine/Content/EditorResources/S_Actor.uasset" 316
"../../../Engine/Content/EditorResources/S_Note.uasset" 317
"../../../Engine/Content/EditorResources/S_Solver.uasset" 318
"../../../Engine/Content/EditorResources/S_Trigger.uasset" 319
"../../../Engine/Content/EditorResources/AudioIcons/S_AudioComponent.uasset" 320
"../../../Engine/Content/EditorResources/AudioIcons/S_AudioComponent_AutoActivate.uasset" 321
"../../../Engine/Content/EditorResources/LightIcons/S_LightError.uasset" 322
"../../../Engine/Content/EditorResources/SequenceRecorder/Countdown.uasset" 323
"../../../Engine/Content/EditorResources/SequenceRecorder/RecordingIndicator.uasset" 324
"../../../Engine/Content/EditorSounds/Notifications/CompileFailed.uasset" 325
"../../../Engine/Content/EditorSounds/Notifications/CompileFailed_Cue.uasset" 326
"../../../Engine/Content/EditorSounds/Notifications/CompileSuccess.uasset" 327
"../../../Engine/Content/EditorSounds/Notifications/CompileStart_Cue.uasset" 328
"../../../Engine/Content/EditorSounds/Notifications/CompileSuccess_Cue.uasset" 329
"../../../Engine/Content/EngineDamageTypes/DmgTypeBP_Environmental.uasset" 330
"../../../Engine/Content/EngineDebugMaterials/DebugEditorMaterial.uasset" 331
"../../../Engine/Content/EngineDebugMaterials/DebugMeshMaterial.uasset" 332
"../../../Engine/Content/EngineDebugMaterials/M_SimpleTranslucent.uasset" 333
"../../../Engine/Content/Functions/Engine_MaterialFunctions02/Utility/CameraDirectionVector.uasset" 334
"../../../Engine/Content/EngineDebugMaterials/VolumeToRender.uasset" 335
"../../../Engine/Content/EngineDebugMaterials/M_VolumeRenderSphereTracePP.uasset" 336
"../../../Engine/Content/EngineDebugMaterials/WireframeMaterial.uasset" 337
"../../../Engine/Content/EngineFonts/Faces/DroidSansFallback.uasset" 338
"../../../Engine/Content/EngineFonts/Faces/RobotoBold.uasset" 339
"../../../Engine/Content/EngineFonts/Faces/RobotoBoldItalic.uasset" 340
"../../../Engine/Content/EngineFonts/Faces/RobotoItalic.uasset" 341
"../../../Engine/Content/EngineFonts/Faces/RobotoLight.uasset" 342
"../../../Engine/Content/EngineFonts/Faces/RobotoRegular.uasset" 343
"../../../Engine/Content/EngineFonts/Roboto.uasset" 344
"../../../Engine/Content/EngineMaterials/BaseFlattenDiffuseMap.uasset" 345
"../../../Engine/Content/EngineMaterials/BaseFlattenEmissiveMap.uasset" 346
"../../../Engine/Content/EngineMaterials/BaseFlattenGrayscaleMap.uasset" 347
"../../../Engine/Content/EngineMaterials/BaseFlattenNormalMap.uasset" 348
"../../../Engine/Content/EngineMaterials/BaseFlattenMaterial.uasset" 349
"../../../Engine/Content/EngineMaterials/BlueNoise.uasset" 350
"../../../Engine/Content/EngineMaterials/DefaultBloomKernel.uasset" 351
"../../../Engine/Content/EngineMaterials/DefaultBokeh.uasset" 352
"../../../Engine/Content/EngineMaterials/DefaultDiffuse.uasset" 353
"../../../Engine/Content/EngineMaterials/DefaultDeferredDecalMaterial.uasset" 354
"../../../Engine/Content/EngineMaterials/DefaultLightFunctionMaterial.uasset" 355
"../../../Engine/Content/Functions/Engine_MaterialFunctions02/Utility/BreakOutFloat2Components.uasset" 356
"../../../Engine/Content/EngineMaterials/DefaultPostProcessMaterial.uasset" 357
"../../../Engine/Content/EngineFonts/RobotoDistanceField.uasset" 358
"../../../Engine/Content/EngineMaterials/DefaultTextMaterialOpaque.uasset" 359
"../../../Engine/Content/EngineMaterials/DefaultVirtualTextureMaterial.uasset" 360
"../../../Engine/Content/EngineMaterials/DefaultWhiteGrid.uasset" 361
"../../../Engine/Content/EngineMaterials/DefaultWhiteGrid_Low.uasset" 362
"../../../Engine/Content/EngineMaterials/EmissiveMeshMaterial.uasset" 363
"../../../Engine/Content/EngineMaterials/GizmoMaterial.uasset" 364
"../../../Engine/Content/EngineMaterials/Good64x64TilingNoiseHighFreq.uasset" 365
"../../../Engine/Content/EngineMaterials/HairDefaultMaterial.uasset" 366
"../../../Engine/Content/EngineMaterials/MiniFont.uasset" 367
"../../../Engine/Content/EngineMaterials/InvalidLightmapSettings.uasset" 368
"../../../Engine/Content/EngineMaterials/M_InvalidLightmapSettings.uasset" 369
"../../../Engine/Content/Functions/Engine_MaterialFunctions02/WorldPositionOffset/CameraOffset.uasset" 370
"../../../Engine/Content/EngineMaterials/PhAT_JointLimitMaterial.uasset" 371
"../../../Engine/Content/EngineMaterials/PreintegratedSkinBRDF.uasset" 372
"../../../Engine/Content/EngineMaterials/RemoveSurfaceMaterial.uasset" 373
"../../../Engine/Content/EngineMaterials/WeightMapPlaceholderTexture.uasset" 374
"../../../Engine/Content/EngineResources/WhiteSquareTexture.uasset" 375
"../../../Engine/Content/EngineMaterials/Widget3DPassThrough.uasset" 376
"../../../Engine/Content/EngineMaterials/Widget3DPassThrough_Masked.uasset" 377
"../../../Engine/Content/EngineMaterials/Widget3DPassThrough_Opaque.uasset" 378
"../../../Engine/Content/EngineMaterials/Widget3DPassThrough_Masked_OneSided.uasset" 379
"../../../Engine/Content/EngineMaterials/Widget3DPassThrough_Opaque_OneSided.uasset" 380
"../../../Engine/Content/EngineMaterials/Widget3DPassThrough_Translucent.uasset" 381
"../../../Engine/Content/EngineMaterials/Widget3DPassThrough_Translucent_OneSided.uasset" 382
"../../../Engine/Content/EngineMeshes/Cylinder.uasset" 383
"../../../Engine/Content/EngineMeshes/Sphere.uasset" 384
"../../../Engine/Content/EngineResources/Black.uasset" 385
"../../../Engine/Content/EngineResources/DefaultTexture.uasset" 386
"../../../Engine/Content/EngineResources/DefaultTextureCube.uasset" 387
"../../../Engine/Content/EngineResources/DefaultVolumeTexture2D.uasset" 388
"../../../Engine/Content/EngineResources/DefaultVolumeTexture.uasset" 389
"../../../Engine/Content/EngineResources/GradientTexture0.uasset" 390
"../../../Engine/Content/EngineSounds/Master.uasset" 391
"../../../Engine/Content/Functions/Engine_MaterialFunctions01/Shading/ConvertFromDiffSpec.uasset" 392
"../../../Engine/Content/Functions/Engine_MaterialFunctions01/Shading/PowerToRoughness.uasset" 393
"../../../Engine/Content/Maps/Templates/Thumbnails/Default.uasset" 394
"../../../Engine/Content/Maps/Templates/Thumbnails/TimeOfDay.uasset" 395
"../../../Engine/Content/Maps/Templates/Thumbnails/VR-Basic.uasset" 396
"../../../Engine/Content/MobileResources/T_MobileControls_texture.uasset" 397
"../../../Engine/Content/MobileResources/T_MobileMenu2.uasset" 398
"../../../Engine/Content/MobileResources/HUD/AnalogHat.uasset" 399
"../../../Engine/Content/MobileResources/HUD/VirtualJoystick_Background.uasset" 400
"../../../Engine/Content/MobileResources/HUD/VirtualJoystick_Thumb.uasset" 401
"../../../Engine/Content/MobileResources/HUD/DefaultVirtualJoysticks.uasset" 402
"../../../Engine/Content/MobileResources/HUD/LeftVirtualJoystickOnly.uasset" 403
"../../../Engine/Content/MobileResources/HUD/MobileHUDButton1_off.uasset" 404
"../../../Engine/Content/MobileResources/HUD/MobileHUDButton1_on.uasset" 405
"../../../Engine/Content/MobileResources/HUD/MobileHUDButton2_off.uasset" 406
"../../../Engine/Content/MobileResources/HUD/MobileHUDButton2_on.uasset" 407
"../../../Engine/Content/MobileResources/HUD/MobileHUDButton3.uasset" 408
"../../../Engine/Content/MobileResources/HUD/MobileHUDButtonFire.uasset" 409
"../../../Engine/Content/MobileResources/HUD/MobileHUDDirectionPad.uasset" 410
"../../../Engine/Content/MobileResources/HUD/MobileHUDDirectionPad2.uasset" 411
"../../../Engine/Content/MobileResources/HUD/MobileHUDDirectionPad3.uasset" 412
"../../../Engine/Content/MobileResources/HUD/MobileHUDDirectionStick.uasset" 413
"../../../Engine/Content/MobileResources/HUD/T_Castle_ThumbstickInner.uasset" 414
"../../../Engine/Content/MobileResources/HUD/T_Castle_ThumbstickOutter.uasset" 415
"../../../Engine/Content/Tutorial/ContentIntroCurve.uasset" 416
"../../../Engine/Content/Tutorial/Basics/LevelEditorAttract.uasset" 417
"../../../Engine/Content/VREditor/LaserPointer/VR_LaserPower_01.uasset" 418
"../../../Engine/Content/VREditor/TransformGizmo/TransformGizmoMaterial.uasset" 419
"../../../Engine/Content/VREditor/TransformGizmo/TranslucentTransformGizmoMaterial.uasset" 420
"../../../Engine/Content/VREditor/TransformGizmo/BoundingBoxCorner.uasset" 421
"../../../Engine/Content/VREditor/TransformGizmo/BoundingBoxEdge.uasset" 422
"../../../Engine/Content/VREditor/TransformGizmo/PlaneTranslationHandle.uasset" 423
"../../../Engine/Content/VREditor/TransformGizmo/Main.uasset" 424
"../../../Engine/Content/VREditor/TransformGizmo/Xray.uasset" 425
"../../../Engine/Content/VREditor/TransformGizmo/SM_Sequencer_Key.uasset" 426
"../../../Engine/Content/VREditor/TransformGizmo/SM_Sequencer_Node.uasset" 427
"../../Plugins/2D/Paper2D/Content/PlaceholderTextures/DummySpriteTexture.uasset" 428
"../../Plugins/2D/Paper2D/Content/DummySprite.uasset" 429
"../../Plugins/2D/Paper2D/Content/DefaultPaperTerrainMaterial.uasset" 430
"../../Plugins/2D/Paper2D/Content/DummySpriteTexture.uasset" 431
"../../Plugins/2D/Paper2D/Content/DefaultSpriteMaterial.uasset" 432
"../../Plugins/2D/Paper2D/Content/MaskedUnlitSpriteMaterial.uasset" 433
"../../Plugins/2D/Paper2D/Content/OpaqueUnlitSpriteMaterial.uasset" 434
"../../../Engine/Content/Functions/Engine_MaterialFunctions02/Utility/BreakOutFloat4Components.uasset" 435
"../../../Engine/Content/Functions/Engine_MaterialFunctions02/Utility/MakeFloat2.uasset" 436
"../../../Engine/Content/Functions/Engine_MaterialFunctions02/Utility/MakeFloat3.uasset" 437
"../../Plugins/Runtime/Oculus/OculusVR/Content/Materials/OculusMR_ChromaKey.uasset" 438
"../../Plugins/Runtime/Oculus/OculusVR/Content/Materials/OculusMR_ChromaKey_Lit.uasset" 439
"../../Plugins/Runtime/Oculus/OculusVR/Content/Materials/OculusMR_OpaqueColoredMaterial.uasset" 440
"../../Plugins/Runtime/Oculus/OculusVR/Content/Materials/OculusMR_WhiteMaterial.uasset" 441
"../../../Engine/Content/EngineSky/C_Sky_Cloud_Color.uasset" 442
"../../../Engine/Content/EngineSky/C_Sky_Horizon_Color.uasset" 443
"../../../Engine/Content/EngineSky/C_Sky_Zenith_Color.uasset" 444
"../../../Engine/Content/EngineSky/T_Sky_Blue.uasset" 445
"../../../Engine/Content/EngineSky/T_Sky_Clouds_M.uasset" 446
"../../../Engine/Content/EngineSky/T_Sky_Stars.uasset" 447
"../../../Engine/Content/EngineSky/M_Sky_Panning_Clouds2.uasset" 448
"../../../Engine/Content/EngineSky/SM_SkySphere.uasset" 449
"../../../Engine/Content/EngineSky/BP_Sky_Sphere.uasset" 450
"C:/Users/amnot/OneDrive/Documents/Unreal Projects/GGJ2020Baby/Content/ItemGenerationTest_BuiltData.uasset" 451
"../../../Engine/Content/MapTemplates/SM_Template_Map_Floor.uasset" 452
"C:/Users/amnot/OneDrive/Documents/Unreal Projects/GGJ2020Baby/Content/ItemGenerationTest.umap" 453
"C:/Users/amnot/OneDrive/Documents/Unreal Projects/GGJ2020Baby/Content/Level/3CsTestMap_BuiltData.uasset" 454
"C:/Users/amnot/OneDrive/Documents/Unreal Projects/GGJ2020Baby/Content/Level/3CsTestMap.umap" 455
"C:/Users/amnot/OneDrive/Documents/Unreal Projects/GGJ2020Baby/Content/Level/EndScreen.umap" 456
"C:/Users/amnot/OneDrive/Documents/Unreal Projects/GGJ2020Baby/Content/Level/Lobby_BuiltData.uasset" 457
"C:/Users/amnot/OneDrive/Documents/Unreal Projects/GGJ2020Baby/Content/Art/Materials/Instructions/GGJ2020Joystick.uasset" 458
"C:/Users/amnot/OneDrive/Documents/Unreal Projects/GGJ2020Baby/Content/Art/Materials/Instructions/GGJ2020Joystick_Mat.uasset" 459
"C:/Users/amnot/OneDrive/Documents/Unreal Projects/GGJ2020Baby/Content/Art/Materials/Instructions/GGJ2020Trigger.uasset" 460
"C:/Users/amnot/OneDrive/Documents/Unreal Projects/GGJ2020Baby/Content/Art/Materials/Instructions/GGJ2020Trigger_Mat.uasset" 461
"C:/Users/amnot/OneDrive/Documents/Unreal Projects/GGJ2020Baby/Content/Art/Materials/Instructions/GGJ2020XButton1-01.uasset" 462
"C:/Users/amnot/OneDrive/Documents/Unreal Projects/GGJ2020Baby/Content/Art/Materials/Instructions/GGJ2020XButton1-01_Mat.uasset" 463
"C:/Users/amnot/OneDrive/Documents/Unreal Projects/GGJ2020Baby/Content/Art/Materials/Instructions/GGJ_Credit.uasset" 464
"C:/Users/amnot/OneDrive/Documents/Unreal Projects/GGJ2020Baby/Content/Art/Materials/Instructions/GGJ_Credit_Mat.uasset" 465
"C:/Users/amnot/OneDrive/Documents/Unreal Projects/GGJ2020Baby/Content/Level/Lobby.umap" 466
"C:/Users/amnot/OneDrive/Documents/Unreal Projects/GGJ2020Baby/Content/Level/TestMap_BuiltData.uasset" 467
"C:/Users/amnot/OneDrive/Documents/Unreal Projects/GGJ2020Baby/Content/Art/Materials/Instructions/GGJ_LevelBegin2.uasset" 468
"C:/Users/amnot/OneDrive/Documents/Unreal Projects/GGJ2020Baby/Content/Art/Materials/Instructions/GGJ_LevelBegin2_Mat.uasset" 469
"C:/Users/amnot/OneDrive/Documents/Unreal Projects/GGJ2020Baby/Content/Art/Materials/Instructions/GGJ_LevelBegin.uasset" 470
"C:/Users/amnot/OneDrive/Documents/Unreal Projects/GGJ2020Baby/Content/Art/Materials/Instructions/GGJ_LevelBegin_Mat.uasset" 471
"C:/Users/amnot/OneDrive/Documents/Unreal Projects/GGJ2020Baby/Content/Level/LevelMeshes/lambert2.uasset" 472
"C:/Users/amnot/OneDrive/Documents/Unreal Projects/GGJ2020Baby/Content/Level/LevelMeshes/lambert2_2.uasset" 473
"C:/Users/amnot/OneDrive/Documents/Unreal Projects/GGJ2020Baby/Content/Level/LevelMeshes/lambert2_3.uasset" 474
"C:/Users/amnot/OneDrive/Documents/Unreal Projects/GGJ2020Baby/Content/Level/LevelMeshes/lambert2_4.uasset" 475
"C:/Users/amnot/OneDrive/Documents/Unreal Projects/GGJ2020Baby/Content/Level/LevelMeshes/lambert2_6.uasset" 476
"C:/Users/amnot/OneDrive/Documents/Unreal Projects/GGJ2020Baby/Content/Level/LevelMeshes/lambert2_7.uasset" 477
"C:/Users/amnot/OneDrive/Documents/Unreal Projects/GGJ2020Baby/Content/StarterContent/Textures/T_Brick_Clay_Beveled_D.uasset" 478
"C:/Users/amnot/OneDrive/Documents/Unreal Projects/GGJ2020Baby/Content/StarterContent/Textures/T_Brick_Clay_Beveled_M.uasset" 479
"C:/Users/amnot/OneDrive/Documents/Unreal Projects/GGJ2020Baby/Content/StarterContent/Textures/T_Brick_Clay_Beveled_N.uasset" 480
"C:/Users/amnot/OneDrive/Documents/Unreal Projects/GGJ2020Baby/Content/StarterContent/Materials/M_Brick_Clay_Beveled.uasset" 481
"C:/Users/amnot/OneDrive/Documents/Unreal Projects/GGJ2020Baby/Content/StarterContent/Textures/T_Brick_Clay_New_D.uasset" 482
"C:/Users/amnot/OneDrive/Documents/Unreal Projects/GGJ2020Baby/Content/StarterContent/Textures/T_Brick_Clay_New_M.uasset" 483
"C:/Users/amnot/OneDrive/Documents/Unreal Projects/GGJ2020Baby/Content/StarterContent/Textures/T_Brick_Clay_New_N.uasset" 484
"C:/Users/amnot/OneDrive/Documents/Unreal Projects/GGJ2020Baby/Content/StarterContent/Materials/M_Brick_Clay_New.uasset" 485
"C:/Users/amnot/OneDrive/Documents/Unreal Projects/GGJ2020Baby/Content/StarterContent/Textures/T_CobbleStone_Rough_D.uasset" 486
"C:/Users/amnot/OneDrive/Documents/Unreal Projects/GGJ2020Baby/Content/StarterContent/Textures/T_CobbleStone_Rough_N.uasset" 487
"C:/Users/amnot/OneDrive/Documents/Unreal Projects/GGJ2020Baby/Content/StarterContent/Textures/T_Gradinet_01.uasset" 488
"C:/Users/amnot/OneDrive/Documents/Unreal Projects/GGJ2020Baby/Content/StarterContent/Textures/T_Rock_Smooth_Granite_D.uasset" 489
"C:/Users/amnot/OneDrive/Documents/Unreal Projects/GGJ2020Baby/Content/StarterContent/Materials/M_CobbleStone_Rough.uasset" 490
"C:/Users/amnot/OneDrive/Documents/Unreal Projects/GGJ2020Baby/Content/StarterContent/Textures/T_Concrete_Poured_D.uasset" 491
"C:/Users/amnot/OneDrive/Documents/Unreal Projects/GGJ2020Baby/Content/StarterContent/Textures/T_Concrete_Poured_N.uasset" 492
"C:/Users/amnot/OneDrive/Documents/Unreal Projects/GGJ2020Baby/Content/StarterContent/Materials/M_Concrete_Poured.uasset" 493
"C:/Users/amnot/OneDrive/Documents/Unreal Projects/GGJ2020Baby/Content/StarterContent/Textures/T_Ground_Grass_D.uasset" 494
"C:/Users/amnot/OneDrive/Documents/Unreal Projects/GGJ2020Baby/Content/StarterContent/Textures/T_Ground_Grass_N.uasset" 495
"C:/Users/amnot/OneDrive/Documents/Unreal Projects/GGJ2020Baby/Content/StarterContent/Materials/M_Ground_Grass.uasset" 496
"../../../Engine/Content/EngineMaterials/DefaultPhysicalMaterial.uasset" 497
"C:/Users/amnot/OneDrive/Documents/Unreal Projects/GGJ2020Baby/Content/Level/LevelMeshes/Metal.uasset" 498
"C:/Users/amnot/OneDrive/Documents/Unreal Projects/GGJ2020Baby/Content/Level/LevelMeshes/Bench_Cube_001.uasset" 499
"C:/Users/amnot/OneDrive/Documents/Unreal Projects/GGJ2020Baby/Content/Level/LevelMeshes/Woods.uasset" 500
"C:/Users/amnot/OneDrive/Documents/Unreal Projects/GGJ2020Baby/Content/Level/LevelMeshes/Bench_Cube_002.uasset" 501
"C:/Users/amnot/OneDrive/Documents/Unreal Projects/GGJ2020Baby/Content/Level/LevelMeshes/fence.uasset" 502
"C:/Users/amnot/OneDrive/Documents/Unreal Projects/GGJ2020Baby/Content/Level/LevelMeshes/Floor2.uasset" 503
"C:/Users/amnot/OneDrive/Documents/Unreal Projects/GGJ2020Baby/Content/Level/LevelMeshes/Floor3.uasset" 504
"C:/Users/amnot/OneDrive/Documents/Unreal Projects/GGJ2020Baby/Content/Level/LevelMeshes/Floor4.uasset" 505
"C:/Users/amnot/OneDrive/Documents/Unreal Projects/GGJ2020Baby/Content/Level/LevelMeshes/Floor5.uasset" 506
"C:/Users/amnot/OneDrive/Documents/Unreal Projects/GGJ2020Baby/Content/Level/LevelMeshes/shrubs.uasset" 507
"C:/Users/amnot/OneDrive/Documents/Unreal Projects/GGJ2020Baby/Content/Level/LevelMeshes/SM_BathTileRoomFloor.uasset" 508
"C:/Users/amnot/OneDrive/Documents/Unreal Projects/GGJ2020Baby/Content/Level/LevelMeshes/tree1_.uasset" 509
"C:/Users/amnot/OneDrive/Documents/Unreal Projects/GGJ2020Baby/Content/Level/LevelMeshes/tree2.uasset" 510
"C:/Users/amnot/OneDrive/Documents/Unreal Projects/GGJ2020Baby/Content/Level/S_BGM_HighTempo_1.uasset" 511
"C:/Users/amnot/OneDrive/Documents/Unreal Projects/GGJ2020Baby/Content/Level/S_BGM_HighTempo_1_Cue.uasset" 512
"C:/Users/amnot/OneDrive/Documents/Unreal Projects/GGJ2020Baby/Content/Level/TestMap.umap" 513
"C:/Users/amnot/OneDrive/Documents/Unreal Projects/GGJ2020Baby/Content/StarterContent/Blueprints/Assets/FogBrightnessLUT.uasset" 514
"C:/Users/amnot/OneDrive/Documents/Unreal Projects/GGJ2020Baby/Content/StarterContent/Blueprints/Assets/SunlightColorLUT.uasset" 515
"C:/Users/amnot/OneDrive/Documents/Unreal Projects/GGJ2020Baby/Content/StarterContent/Blueprints/Assets/M_LightStage_Arrows.uasset" 516
"../../../Engine/Content/MapTemplates/Sky/DaylightAmbientCubemap.uasset" 517
"C:/Users/amnot/OneDrive/Documents/Unreal Projects/GGJ2020Baby/Content/StarterContent/Blueprints/Assets/M_LightStage_Skybox_Master.uasset" 518
"C:/Users/amnot/OneDrive/Documents/Unreal Projects/GGJ2020Baby/Content/StarterContent/Blueprints/Assets/M_LightStage_Skybox_Black.uasset" 519
"C:/Users/amnot/OneDrive/Documents/Unreal Projects/GGJ2020Baby/Content/StarterContent/Blueprints/Assets/M_LightStage_Skybox_HDRI.uasset" 520
"../../../Engine/Content/EditorMaterials/Thumbnails/SkySphereMaterial.uasset" 521
"C:/Users/amnot/OneDrive/Documents/Unreal Projects/GGJ2020Baby/Content/StarterContent/Blueprints/Assets/Skybox.uasset" 522
"C:/Users/amnot/OneDrive/Documents/Unreal Projects/GGJ2020Baby/Content/StarterContent/Blueprints/Assets/SM_Arrows.uasset" 523
"C:/Users/amnot/OneDrive/Documents/Unreal Projects/GGJ2020Baby/Content/StarterContent/HDRI/HDRI_Epic_Courtyard_Daylight.uasset" 524
"C:/Users/amnot/OneDrive/Documents/Unreal Projects/GGJ2020Baby/Content/StarterContent/Blueprints/BP_LightStudio.uasset" 525
"C:/Users/amnot/OneDrive/Documents/Unreal Projects/GGJ2020Baby/Content/StarterContent/Maps/Advanced_Lighting_BuiltData.uasset" 526
"C:/Users/amnot/OneDrive/Documents/Unreal Projects/GGJ2020Baby/Content/StarterContent/Materials/M_AssetPlatform.uasset" 527
"../../../Engine/Content/EditorMeshes/ColorCalibrator/M_ChromeBall.uasset" 528
"../../../Engine/Content/EditorMeshes/ColorCalibrator/M_ClearCoat.uasset" 529
"../../../Engine/Content/EditorMeshes/ColorCalibrator/M_ClearCoatBlack.uasset" 530
"../../../Engine/Content/EditorMeshes/ColorCalibrator/Color_checker.uasset" 531
"../../../Engine/Content/EditorMeshes/ColorCalibrator/M_ColorGrid.uasset" 532
"../../../Engine/Content/EditorMeshes/ColorCalibrator/M_GreyBall.uasset" 533
"../../../Engine/Content/EditorMeshes/ColorCalibrator/SM_ColorCalibrator.uasset" 534
"C:/Users/amnot/OneDrive/Documents/Unreal Projects/GGJ2020Baby/Content/StarterContent/Architecture/SM_AssetPlatform.uasset" 535
"C:/Users/amnot/OneDrive/Documents/Unreal Projects/GGJ2020Baby/Content/StarterContent/Maps/Advanced_Lighting.umap" 536
"C:/Users/amnot/OneDrive/Documents/Unreal Projects/GGJ2020Baby/Content/StarterContent/Maps/Minimal_Default_BuiltData.uasset" 537
"C:/Users/amnot/OneDrive/Documents/Unreal Projects/GGJ2020Baby/Content/StarterContent/Materials/M_Metal_Brushed_Nickel.uasset" 538
"C:/Users/amnot/OneDrive/Documents/Unreal Projects/GGJ2020Baby/Content/StarterContent/Textures/T_Metal_Aluminum_D.uasset" 539
"C:/Users/amnot/OneDrive/Documents/Unreal Projects/GGJ2020Baby/Content/StarterContent/Materials/M_Metal_Burnished_Steel.uasset" 540
"C:/Users/amnot/OneDrive/Documents/Unreal Projects/GGJ2020Baby/Content/StarterContent/Textures/T_Statue_M.uasset" 541
"C:/Users/amnot/OneDrive/Documents/Unreal Projects/GGJ2020Baby/Content/StarterContent/Textures/T_Statue_N.uasset" 542
"C:/Users/amnot/OneDrive/Documents/Unreal Projects/GGJ2020Baby/Content/StarterContent/Props/Materials/M_StatueGlass.uasset" 543
"C:/Users/amnot/OneDrive/Documents/Unreal Projects/GGJ2020Baby/Content/StarterContent/Architecture/Floor_400x400.uasset" 544
"C:/Users/amnot/OneDrive/Documents/Unreal Projects/GGJ2020Baby/Content/StarterContent/Audio/Starter_Background_Cue.uasset" 545
"C:/Users/amnot/OneDrive/Documents/Unreal Projects/GGJ2020Baby/Content/StarterContent/Props/SM_Chair.uasset" 546
"C:/Users/amnot/OneDrive/Documents/Unreal Projects/GGJ2020Baby/Content/StarterContent/Props/Materials/M_Statue.uasset" 547
"C:/Users/amnot/OneDrive/Documents/Unreal Projects/GGJ2020Baby/Content/StarterContent/Props/SM_Statue.uasset" 548
"C:/Users/amnot/OneDrive/Documents/Unreal Projects/GGJ2020Baby/Content/StarterContent/Textures/T_TableRound_M.uasset" 549
"C:/Users/amnot/OneDrive/Documents/Unreal Projects/GGJ2020Baby/Content/StarterContent/Textures/T_TableRound_N.uasset" 550
"C:/Users/amnot/OneDrive/Documents/Unreal Projects/GGJ2020Baby/Content/StarterContent/Props/Materials/M_TableRound.uasset" 551
"C:/Users/amnot/OneDrive/Documents/Unreal Projects/GGJ2020Baby/Content/StarterContent/Props/SM_TableRound.uasset" 552
"C:/Users/amnot/OneDrive/Documents/Unreal Projects/GGJ2020Baby/Content/StarterContent/Maps/Minimal_Default.umap" 553
"C:/Users/amnot/OneDrive/Documents/Unreal Projects/GGJ2020Baby/Content/StarterContent/Audio/Fire01_Cue.uasset" 554
"C:/Users/amnot/OneDrive/Documents/Unreal Projects/GGJ2020Baby/Content/StarterContent/Textures/T_Fire_SubUV.uasset" 555
"C:/Users/amnot/OneDrive/Documents/Unreal Projects/GGJ2020Baby/Content/StarterContent/Textures/T_Fire_Tiled_D.uasset" 556
"C:/Users/amnot/OneDrive/Documents/Unreal Projects/GGJ2020Baby/Content/StarterContent/Particles/Materials/M_Fire_SubUV.uasset" 557
"C:/Users/amnot/OneDrive/Documents/Unreal Projects/GGJ2020Baby/Content/StarterContent/Textures/T_Water_N.uasset" 558
"C:/Users/amnot/OneDrive/Documents/Unreal Projects/GGJ2020Baby/Content/StarterContent/Particles/Materials/M_Heat_Distortion.uasset" 559
"C:/Users/amnot/OneDrive/Documents/Unreal Projects/GGJ2020Baby/Content/StarterContent/Particles/Materials/M_Radial_Gradient.uasset" 560
"C:/Users/amnot/OneDrive/Documents/Unreal Projects/GGJ2020Baby/Content/StarterContent/Particles/P_Fire.uasset" 561
"C:/Users/amnot/OneDrive/Documents/Unreal Projects/GGJ2020Baby/Content/StarterContent/Blueprints/Blueprint_Effect_Fire.uasset" 562
"C:/Users/amnot/OneDrive/Documents/Unreal Projects/GGJ2020Baby/Content/StarterContent/Audio/Smoke01_Cue.uasset" 563
"C:/Users/amnot/OneDrive/Documents/Unreal Projects/GGJ2020Baby/Content/StarterContent/Particles/P_Smoke.uasset" 564
"C:/Users/amnot/OneDrive/Documents/Unreal Projects/GGJ2020Baby/Content/StarterContent/Blueprints/Blueprint_Effect_Smoke.uasset" 565
"C:/Users/amnot/OneDrive/Documents/Unreal Projects/GGJ2020Baby/Content/StarterContent/Audio/Fire_Sparks01_Cue.uasset" 566
"C:/Users/amnot/OneDrive/Documents/Unreal Projects/GGJ2020Baby/Content/StarterContent/Textures/T_Spark_Core.uasset" 567
"C:/Users/amnot/OneDrive/Documents/Unreal Projects/GGJ2020Baby/Content/StarterContent/Particles/Materials/M_Spark.uasset" 568
"C:/Users/amnot/OneDrive/Documents/Unreal Projects/GGJ2020Baby/Content/StarterContent/Particles/P_Sparks.uasset" 569
"C:/Users/amnot/OneDrive/Documents/Unreal Projects/GGJ2020Baby/Content/StarterContent/Blueprints/Blueprint_Effect_Sparks.uasset" 570
"C:/Users/amnot/OneDrive/Documents/Unreal Projects/GGJ2020Baby/Content/StarterContent/Audio/Steam01_Cue.uasset" 571
"C:/Users/amnot/OneDrive/Documents/Unreal Projects/GGJ2020Baby/Content/StarterContent/Particles/P_Steam_Lit.uasset" 572
"C:/Users/amnot/OneDrive/Documents/Unreal Projects/GGJ2020Baby/Content/StarterContent/Blueprints/Blueprint_Effect_Steam.uasset" 573
"C:/Users/amnot/OneDrive/Documents/Unreal Projects/GGJ2020Baby/Content/StarterContent/Textures/T_Lamp_M.uasset" 574
"C:/Users/amnot/OneDrive/Documents/Unreal Projects/GGJ2020Baby/Content/StarterContent/Textures/T_Lamp_N.uasset" 575
"C:/Users/amnot/OneDrive/Documents/Unreal Projects/GGJ2020Baby/Content/StarterContent/Props/Materials/M_Lamp.uasset" 576
"C:/Users/amnot/OneDrive/Documents/Unreal Projects/GGJ2020Baby/Content/StarterContent/Props/SM_Lamp_Ceiling.uasset" 577
"C:/Users/amnot/OneDrive/Documents/Unreal Projects/GGJ2020Baby/Content/StarterContent/Blueprints/Blueprint_CeilingLight.uasset" 578
"C:/Users/amnot/OneDrive/Documents/Unreal Projects/GGJ2020Baby/Content/StarterContent/Props/SM_Lamp_Wall.uasset" 579
"C:/Users/amnot/OneDrive/Documents/Unreal Projects/GGJ2020Baby/Content/StarterContent/Blueprints/Blueprint_WallSconce.uasset" 580
"C:/Users/amnot/OneDrive/Documents/Unreal Projects/GGJ2020Baby/Content/StarterContent/Maps/StarterMap_BuiltData.uasset" 581
"../../../Engine/Content/Functions/Engine_MaterialFunctions03/Procedurals/ComputeFilterWidth.uasset" 582
"../../../Engine/Content/EngineMaterials/AntiAliasedTextMaterialTranslucent.uasset" 583
"C:/Users/amnot/OneDrive/Documents/Unreal Projects/GGJ2020Baby/Content/StarterContent/Textures/T_Brick_Clay_Old_D.uasset" 584
"C:/Users/amnot/OneDrive/Documents/Unreal Projects/GGJ2020Baby/Content/StarterContent/Textures/T_Brick_Clay_Old_N.uasset" 585
"C:/Users/amnot/OneDrive/Documents/Unreal Projects/GGJ2020Baby/Content/StarterContent/Materials/M_Brick_Clay_Old.uasset" 586
"C:/Users/amnot/OneDrive/Documents/Unreal Projects/GGJ2020Baby/Content/StarterContent/Textures/T_Brick_Cut_Stone_D.uasset" 587
"C:/Users/amnot/OneDrive/Documents/Unreal Projects/GGJ2020Baby/Content/StarterContent/Textures/T_Brick_Cut_Stone_N.uasset" 588
"C:/Users/amnot/OneDrive/Documents/Unreal Projects/GGJ2020Baby/Content/StarterContent/Materials/M_Brick_Cut_Stone.uasset" 589
"C:/Users/amnot/OneDrive/Documents/Unreal Projects/GGJ2020Baby/Content/StarterContent/Textures/T_Brick_Hewn_Stone_D.uasset" 590
"C:/Users/amnot/OneDrive/Documents/Unreal Projects/GGJ2020Baby/Content/StarterContent/Textures/T_Brick_Hewn_Stone_M.uasset" 591
"C:/Users/amnot/OneDrive/Documents/Unreal Projects/GGJ2020Baby/Content/StarterContent/Textures/T_Brick_Hewn_Stone_N.uasset" 592
"C:/Users/amnot/OneDrive/Documents/Unreal Projects/GGJ2020Baby/Content/StarterContent/Materials/M_Brick_Hewn_Stone.uasset" 593
"C:/Users/amnot/OneDrive/Documents/Unreal Projects/GGJ2020Baby/Content/StarterContent/Textures/T_Ceramic_Tile_M.uasset" 594
"C:/Users/amnot/OneDrive/Documents/Unreal Projects/GGJ2020Baby/Content/StarterContent/Textures/T_Ceramic_Tile_N.uasset" 595
"C:/Users/amnot/OneDrive/Documents/Unreal Projects/GGJ2020Baby/Content/StarterContent/Textures/T_Rock_Marble_Polished_D.uasset" 596
"C:/Users/amnot/OneDrive/Documents/Unreal Projects/GGJ2020Baby/Content/StarterContent/Materials/M_Ceramic_Tile_Checker.uasset" 597
"C:/Users/amnot/OneDrive/Documents/Unreal Projects/GGJ2020Baby/Content/StarterContent/Textures/T_CobbleStone_Pebble_D.uasset" 598
"C:/Users/amnot/OneDrive/Documents/Unreal Projects/GGJ2020Baby/Content/StarterContent/Textures/T_CobbleStone_Pebble_M.uasset" 599
"C:/Users/amnot/OneDrive/Documents/Unreal Projects/GGJ2020Baby/Content/StarterContent/Textures/T_CobbleStone_Pebble_N.uasset" 600
"C:/Users/amnot/OneDrive/Documents/Unreal Projects/GGJ2020Baby/Content/StarterContent/Materials/M_CobbleStone_Pebble.uasset" 601
"C:/Users/amnot/OneDrive/Documents/Unreal Projects/GGJ2020Baby/Content/StarterContent/Textures/T_CobbleStone_Smooth_D.uasset" 602
"C:/Users/amnot/OneDrive/Documents/Unreal Projects/GGJ2020Baby/Content/StarterContent/Textures/T_CobbleStone_Smooth_M.uasset" 603
"C:/Users/amnot/OneDrive/Documents/Unreal Projects/GGJ2020Baby/Content/StarterContent/Textures/T_CobbleStone_Smooth_N.uasset" 604
"C:/Users/amnot/OneDrive/Documents/Unreal Projects/GGJ2020Baby/Content/StarterContent/Materials/M_CobbleStone_Smooth.uasset" 605
"C:/Users/amnot/OneDrive/Documents/Unreal Projects/GGJ2020Baby/Content/StarterContent/Textures/T_Concrete_Grime_D.uasset" 606
"C:/Users/amnot/OneDrive/Documents/Unreal Projects/GGJ2020Baby/Content/StarterContent/Textures/T_Metal_Rust_N.uasset" 607
"C:/Users/amnot/OneDrive/Documents/Unreal Projects/GGJ2020Baby/Content/StarterContent/Materials/M_Concrete_Grime.uasset" 608
"C:/Users/amnot/OneDrive/Documents/Unreal Projects/GGJ2020Baby/Content/StarterContent/Textures/T_Concrete_Panels_D.uasset" 609
"C:/Users/amnot/OneDrive/Documents/Unreal Projects/GGJ2020Baby/Content/StarterContent/Textures/T_Concrete_Panels_N.uasset" 610
"C:/Users/amnot/OneDrive/Documents/Unreal Projects/GGJ2020Baby/Content/StarterContent/Materials/M_Concrete_Panels.uasset" 611
"C:/Users/amnot/OneDrive/Documents/Unreal Projects/GGJ2020Baby/Content/StarterContent/Textures/T_Concrete_Tiles_D.uasset" 612
"C:/Users/amnot/OneDrive/Documents/Unreal Projects/GGJ2020Baby/Content/StarterContent/Textures/T_Concrete_Tiles_M.uasset" 613
"C:/Users/amnot/OneDrive/Documents/Unreal Projects/GGJ2020Baby/Content/StarterContent/Textures/T_Concrete_Tiles_N.uasset" 614
"C:/Users/amnot/OneDrive/Documents/Unreal Projects/GGJ2020Baby/Content/StarterContent/Textures/T_Concrete_Tiles_Variation_M.uasset" 615
"C:/Users/amnot/OneDrive/Documents/Unreal Projects/GGJ2020Baby/Content/StarterContent/Materials/M_Concrete_Tiles.uasset" 616
"C:/Users/amnot/OneDrive/Documents/Unreal Projects/GGJ2020Baby/Content/StarterContent/Textures/T_Ground_Gravel_D.uasset" 617
"C:/Users/amnot/OneDrive/Documents/Unreal Projects/GGJ2020Baby/Content/StarterContent/Textures/T_Ground_Gravel_N.uasset" 618
"C:/Users/amnot/OneDrive/Documents/Unreal Projects/GGJ2020Baby/Content/StarterContent/Materials/M_Ground_Gravel.uasset" 619
"C:/Users/amnot/OneDrive/Documents/Unreal Projects/GGJ2020Baby/Content/StarterContent/Textures/T_ground_Moss_D.uasset" 620
"C:/Users/amnot/OneDrive/Documents/Unreal Projects/GGJ2020Baby/Content/StarterContent/Textures/T_Ground_Moss_N.uasset" 621
"C:/Users/amnot/OneDrive/Documents/Unreal Projects/GGJ2020Baby/Content/StarterContent/Materials/M_Ground_Moss.uasset" 622
"C:/Users/amnot/OneDrive/Documents/Unreal Projects/GGJ2020Baby/Content/StarterContent/Textures/T_Metal_Gold_D.uasset" 623
"C:/Users/amnot/OneDrive/Documents/Unreal Projects/GGJ2020Baby/Content/StarterContent/Materials/M_Metal_Gold.uasset" 624
"C:/Users/amnot/OneDrive/Documents/Unreal Projects/GGJ2020Baby/Content/StarterContent/Textures/T_Metal_Rust_D.uasset" 625
"C:/Users/amnot/OneDrive/Documents/Unreal Projects/GGJ2020Baby/Content/StarterContent/Materials/M_Metal_Rust.uasset" 626
"C:/Users/amnot/OneDrive/Documents/Unreal Projects/GGJ2020Baby/Content/StarterContent/Textures/T_Metal_Steel_D.uasset" 627
"C:/Users/amnot/OneDrive/Documents/Unreal Projects/GGJ2020Baby/Content/StarterContent/Textures/T_Metal_Steel_N.uasset" 628
"C:/Users/amnot/OneDrive/Documents/Unreal Projects/GGJ2020Baby/Content/StarterContent/Materials/M_Metal_Steel.uasset" 629
"C:/Users/amnot/OneDrive/Documents/Unreal Projects/GGJ2020Baby/Content/StarterContent/Textures/T_Rock_Basalt_N.uasset" 630
"C:/Users/amnot/OneDrive/Documents/Unreal Projects/GGJ2020Baby/Content/StarterContent/Materials/M_Rock_Basalt.uasset" 631
"C:/Users/amnot/OneDrive/Documents/Unreal Projects/GGJ2020Baby/Content/StarterContent/Materials/M_Rock_Marble_Polished.uasset" 632
"C:/Users/amnot/OneDrive/Documents/Unreal Projects/GGJ2020Baby/Content/StarterContent/Textures/T_Rock_Sandstone_D.uasset" 633
"C:/Users/amnot/OneDrive/Documents/Unreal Projects/GGJ2020Baby/Content/StarterContent/Textures/T_Rock_Sandstone_N.uasset" 634
"C:/Users/amnot/OneDrive/Documents/Unreal Projects/GGJ2020Baby/Content/StarterContent/Materials/M_Rock_Sandstone.uasset" 635
"C:/Users/amnot/OneDrive/Documents/Unreal Projects/GGJ2020Baby/Content/StarterContent/Textures/T_Rock_Slate_D.uasset" 636
"C:/Users/amnot/OneDrive/Documents/Unreal Projects/GGJ2020Baby/Content/StarterContent/Textures/T_Rock_Slate_N.uasset" 637
"C:/Users/amnot/OneDrive/Documents/Unreal Projects/GGJ2020Baby/Content/StarterContent/Materials/M_Rock_Slate.uasset" 638
"C:/Users/amnot/OneDrive/Documents/Unreal Projects/GGJ2020Baby/Content/StarterContent/Textures/T_Checker_Noise_M.uasset" 639
"C:/Users/amnot/OneDrive/Documents/Unreal Projects/GGJ2020Baby/Content/StarterContent/Textures/T_Single_Tile_N.uasset" 640
"C:/Users/amnot/OneDrive/Documents/Unreal Projects/GGJ2020Baby/Content/StarterContent/Textures/T_Tech_Dot_M.uasset" 641
"C:/Users/amnot/OneDrive/Documents/Unreal Projects/GGJ2020Baby/Content/StarterContent/Textures/T_Tech_Dot_N.uasset" 642
"C:/Users/amnot/OneDrive/Documents/Unreal Projects/GGJ2020Baby/Content/StarterContent/Materials/M_Tech_Checker_Dot.uasset" 643
"C:/Users/amnot/OneDrive/Documents/Unreal Projects/GGJ2020Baby/Content/StarterContent/Textures/T_Tech_Hex_Tile_M.uasset" 644
"C:/Users/amnot/OneDrive/Documents/Unreal Projects/GGJ2020Baby/Content/StarterContent/Textures/T_Tech_Hex_Tile_N.uasset" 645
"C:/Users/amnot/OneDrive/Documents/Unreal Projects/GGJ2020Baby/Content/StarterContent/Materials/M_Tech_Hex_Tile.uasset" 646
"C:/Users/amnot/OneDrive/Documents/Unreal Projects/GGJ2020Baby/Content/StarterContent/Materials/M_Tech_Hex_Tile_Pulse.uasset" 647
"C:/Users/amnot/OneDrive/Documents/Unreal Projects/GGJ2020Baby/Content/StarterContent/Textures/T_Tech_Panel_M.uasset" 648
"C:/Users/amnot/OneDrive/Documents/Unreal Projects/GGJ2020Baby/Content/StarterContent/Textures/T_Tech_Panel_N.uasset" 649
"C:/Users/amnot/OneDrive/Documents/Unreal Projects/GGJ2020Baby/Content/StarterContent/Materials/M_Tech_Panel.uasset" 650
"C:/Users/amnot/OneDrive/Documents/Unreal Projects/GGJ2020Baby/Content/StarterContent/Materials/M_Water_Lake.uasset" 651
"C:/Users/amnot/OneDrive/Documents/Unreal Projects/GGJ2020Baby/Content/StarterContent/Textures/T_Water_M.uasset" 652
"C:/Users/amnot/OneDrive/Documents/Unreal Projects/GGJ2020Baby/Content/StarterContent/Materials/M_Water_Ocean.uasset" 653
"../../../Engine/Content/Functions/Engine_MaterialFunctions01/Opacity/AlphaOffset.uasset" 654
"C:/Users/amnot/OneDrive/Documents/Unreal Projects/GGJ2020Baby/Content/StarterContent/Materials/M_Wood_Floor_Walnut_Worn.uasset" 655
"C:/Users/amnot/OneDrive/Documents/Unreal Projects/GGJ2020Baby/Content/StarterContent/Textures/T_Wood_Oak_D.uasset" 656
"C:/Users/amnot/OneDrive/Documents/Unreal Projects/GGJ2020Baby/Content/StarterContent/Textures/T_Wood_Oak_N.uasset" 657
"C:/Users/amnot/OneDrive/Documents/Unreal Projects/GGJ2020Baby/Content/StarterContent/Materials/M_Wood_Oak.uasset" 658
"C:/Users/amnot/OneDrive/Documents/Unreal Projects/GGJ2020Baby/Content/StarterContent/Textures/T_Wood_Pine_D.uasset" 659
"C:/Users/amnot/OneDrive/Documents/Unreal Projects/GGJ2020Baby/Content/StarterContent/Textures/T_Wood_Pine_N.uasset" 660
"C:/Users/amnot/OneDrive/Documents/Unreal Projects/GGJ2020Baby/Content/StarterContent/Materials/M_Wood_Pine.uasset" 661
"C:/Users/amnot/OneDrive/Documents/Unreal Projects/GGJ2020Baby/Content/StarterContent/Textures/T_Wood_Walnut_D.uasset" 662
"C:/Users/amnot/OneDrive/Documents/Unreal Projects/GGJ2020Baby/Content/StarterContent/Textures/T_Wood_Walnut_N.uasset" 663
"C:/Users/amnot/OneDrive/Documents/Unreal Projects/GGJ2020Baby/Content/StarterContent/Materials/M_Wood_Walnut.uasset" 664
"C:/Users/amnot/OneDrive/Documents/Unreal Projects/GGJ2020Baby/Content/StarterContent/Architecture/Wall_400x200.uasset" 665
"C:/Users/amnot/OneDrive/Documents/Unreal Projects/GGJ2020Baby/Content/StarterContent/Architecture/Wall_Door_400x300.uasset" 666
"C:/Users/amnot/OneDrive/Documents/Unreal Projects/GGJ2020Baby/Content/StarterContent/Architecture/Wall_Window_400x300.uasset" 667
"C:/Users/amnot/OneDrive/Documents/Unreal Projects/GGJ2020Baby/Content/StarterContent/Audio/Collapse_Cue.uasset" 668
"C:/Users/amnot/OneDrive/Documents/Unreal Projects/GGJ2020Baby/Content/StarterContent/Audio/Starter_Music_Cue.uasset" 669
"C:/Users/amnot/OneDrive/Documents/Unreal Projects/GGJ2020Baby/Content/StarterContent/Textures/T_Dust_Particle_D.uasset" 670
"C:/Users/amnot/OneDrive/Documents/Unreal Projects/GGJ2020Baby/Content/StarterContent/Particles/Materials/M_Dust_Particle.uasset" 671
"C:/Users/amnot/OneDrive/Documents/Unreal Projects/GGJ2020Baby/Content/StarterContent/Particles/P_Ambient_Dust.uasset" 672
"C:/Users/amnot/OneDrive/Documents/Unreal Projects/GGJ2020Baby/Content/StarterContent/Props/MaterialSphere.uasset" 673
"C:/Users/amnot/OneDrive/Documents/Unreal Projects/GGJ2020Baby/Content/StarterContent/Textures/T_Frame_M.uasset" 674
"C:/Users/amnot/OneDrive/Documents/Unreal Projects/GGJ2020Baby/Content/StarterContent/Textures/T_Frame_N.uasset" 675
"C:/Users/amnot/OneDrive/Documents/Unreal Projects/GGJ2020Baby/Content/StarterContent/Props/Materials/M_Frame.uasset" 676
"C:/Users/amnot/OneDrive/Documents/Unreal Projects/GGJ2020Baby/Content/StarterContent/Props/SM_CornerFrame.uasset" 677
"C:/Users/amnot/OneDrive/Documents/Unreal Projects/GGJ2020Baby/Content/StarterContent/Props/SM_DoorFrame.uasset" 678
"C:/Users/amnot/OneDrive/Documents/Unreal Projects/GGJ2020Baby/Content/StarterContent/Props/SM_GlassWindow.uasset" 679
"C:/Users/amnot/OneDrive/Documents/Unreal Projects/GGJ2020Baby/Content/StarterContent/Props/SM_PillarFrame.uasset" 680
"C:/Users/amnot/OneDrive/Documents/Unreal Projects/GGJ2020Baby/Content/StarterContent/Props/SM_PillarFrame300.uasset" 681
"C:/Users/amnot/OneDrive/Documents/Unreal Projects/GGJ2020Baby/Content/StarterContent/Props/SM_WindowFrame.uasset" 682
"C:/Users/amnot/OneDrive/Documents/Unreal Projects/GGJ2020Baby/Content/StarterContent/Shapes/Shape_Cube.uasset" 683
"C:/Users/amnot/OneDrive/Documents/Unreal Projects/GGJ2020Baby/Content/StarterContent/Shapes/Shape_QuadPyramid.uasset" 684
"C:/Users/amnot/OneDrive/Documents/Unreal Projects/GGJ2020Baby/Content/StarterContent/Shapes/Shape_Sphere.uasset" 685
"C:/Users/amnot/OneDrive/Documents/Unreal Projects/GGJ2020Baby/Content/StarterContent/Maps/StarterMap.umap" 686
"C:/Users/amnot/OneDrive/Documents/Unreal Projects/GGJ2020Baby/Content/Character_Blueprint.uasset" 687
"C:/Users/amnot/OneDrive/Documents/Unreal Projects/GGJ2020Baby/Content/Player_Start_Blueprint.uasset" 688
"C:/Users/amnot/OneDrive/Documents/Unreal Projects/GGJ2020Baby/Content/StarterContent/Maps/Untitled_BuiltData.uasset" 689
"C:/Users/amnot/OneDrive/Documents/Unreal Projects/GGJ2020Baby/Content/StarterContent/Maps/Untitled.umap" 690
